#
# A fatal error has been detected by the Java Runtime Environment:
#
#  EXCEPTION_ACCESS_VIOLATION (0xc0000005) at pc=0x00007ff9ebc56699, pid=31464, tid=25188
#
# JRE version: OpenJDK Runtime Environment (14.0.1+7) (build 14.0.1+7)
# Java VM: OpenJDK 64-Bit Server VM (14.0.1+7, mixed mode, sharing, tiered, compressed oops, g1 gc, windows-amd64)
# Problematic frame:
# V  [jvm.dll+0x206699]
#
# No core dump will be written. Minidumps are not enabled by default on client versions of Windows
#
# If you would like to submit a bug report, please visit:
#   https://bugreport.java.com/bugreport/crash.jsp
#

---------------  S U M M A R Y ------------

Command Line: -agentlib:jdwp=transport=dt_socket,suspend=y,address=localhost:65520 -ea -javaagent:C:\Users\shiva\eclipse\java-2019-062\eclipse\configuration\org.eclipse.osgi\226\0\.cp\lib\javaagent-shaded.jar -Dfile.encoding=Cp1252 org.eclipse.jdt.internal.junit.runner.RemoteTestRunner -version 3 -port 65519 -testLoaderClass org.eclipse.jdt.internal.junit4.runner.JUnit4TestLoader -loaderpluginname org.eclipse.jdt.junit4.runtime -classNames Testing.AVLTest

Host: Intel(R) Core(TM) i7-8550U CPU @ 1.80GHz, 8 cores, 7G,  Windows 10 , 64 bit Build 18362 (10.0.18362.778)
Time: Wed Jun  3 21:45:44 2020 Cen. Australia Standard Time elapsed time: 187 seconds (0d 0h 3m 7s)

---------------  T H R E A D  ---------------

Current thread (0x0000024ff152a000):  JavaThread "JDWP Transport Listener: dt_socket" daemon [_thread_in_vm, id=25188, stack(0x000000df56e00000,0x000000df56f00000)] _threads_hazard_ptr=0x0000024ff1eb70d0

Stack: [0x000000df56e00000,0x000000df56f00000],  sp=0x000000df56efed78,  free space=1019k
Native frames: (J=compiled Java code, j=interpreted, Vv=VM code, C=native code)
V  [jvm.dll+0x206699]


siginfo: EXCEPTION_ACCESS_VIOLATION (0xc0000005), reading address 0x0000024ff10710b0


Register to memory mapping:

RIP=0x00007ff9ebc56699 jvm.dll
RAX=0x0000000000194560 is an unknown value
RBX=0x0000024ff0eb2c18 is pointing into metadata
RCX=0x0000024ff0edcb50 is pointing into metadata
RDX=0x000000000000ca2a is an unknown value
RSP=0x000000df56efed78 is pointing into the stack for thread: 0x0000024ff152a000
RBP=0x000000df56eff320 is pointing into the stack for thread: 0x0000024ff152a000
RSI=0x000000df56eff490 is pointing into the stack for thread: 0x0000024ff152a000
RDI=0x000000df56eff490 is pointing into the stack for thread: 0x0000024ff152a000
R8 =0x0 is NULL
R9 =0x0000024ff0eb2c18 is pointing into metadata
R10=0x00007ff9eba50000 jvm.dll
R11=0x000000df56eff240 is pointing into the stack for thread: 0x0000024ff152a000
R12=0x0000024ff1e73c18 points into unknown readable memory: 00 00 00 00 77 00 00 00
R13=0x0000000000000118 is an unknown value
R14=0x0000024ff0eb5085 is pointing into metadata
R15=0x0000000000000098 is an unknown value


Registers:
RAX=0x0000000000194560, RBX=0x0000024ff0eb2c18, RCX=0x0000024ff0edcb50, RDX=0x000000000000ca2a
RSP=0x000000df56efed78, RBP=0x000000df56eff320, RSI=0x000000df56eff490, RDI=0x000000df56eff490
R8 =0x0000000000000000, R9 =0x0000024ff0eb2c18, R10=0x00007ff9eba50000, R11=0x000000df56eff240
R12=0x0000024ff1e73c18, R13=0x0000000000000118, R14=0x0000024ff0eb5085, R15=0x0000000000000098
RIP=0x00007ff9ebc56699, EFLAGS=0x0000000000010206

Top of Stack: (sp=0x000000df56efed78)
0x000000df56efed78:   00007ff9ebc5671e 000000df56efede0
0x000000df56efed88:   0000000000000000 0000000000000000
0x000000df56efed98:   0000000000000000 0000000000000000
0x000000df56efeda8:   00007ff9ebd3f320 0000000000000000
0x000000df56efedb8:   000000df56eff490 0000000000000000
0x000000df56efedc8:   0000000000000000 0000000000000000
0x000000df56efedd8:   0000000000000000 00007ff9ec2a5730
0x000000df56efede8:   0000024ff1b415d0 0000000000000011
0x000000df56efedf8:   000000000000000a 000000df56efee20
0x000000df56efee08:   0000000000000002 000000002fffffff
0x000000df56efee18:   0000000000000000 4fffffff4fffffff
0x000000df56efee28:   000000004fffffff 0000000000000000
0x000000df56efee38:   0000000000000000 0000000000000000
0x000000df56efee48:   0000000000000000 0000000000000000
0x000000df56efee58:   0000000000000000 0000000000000000
0x000000df56efee68:   0000000000000000 0000000000000000 

Instructions: (pc=0x00007ff9ebc56699)
0x00007ff9ebc56599:   03 03 03 03 03 03 03 03 03 03 03 03 03 03 03 03
0x00007ff9ebc565a9:   03 03 03 03 03 03 03 03 03 03 03 03 03 03 03 03
0x00007ff9ebc565b9:   03 03 03 03 03 03 03 03 03 03 03 03 03 03 03 03
0x00007ff9ebc565c9:   03 03 03 03 03 03 03 03 03 03 03 03 03 03 03 03
0x00007ff9ebc565d9:   03 03 02 03 03 02 cc 48 89 5c 24 08 48 89 74 24
0x00007ff9ebc565e9:   10 57 48 83 ec 20 48 63 da 41 0f b6 f0 48 8b f9
0x00007ff9ebc565f9:   85 d2 79 24 4c 8d 0d ec 82 63 00 ba 99 02 00 00
0x00007ff9ebc56609:   4c 8d 05 18 83 63 00 48 8d 0d 91 82 63 00 e8 94
0x00007ff9ebc56619:   6b 00 00 e8 3f 19 3f 00 40 84 f6 75 18 48 8b 4f
0x00007ff9ebc56629:   10 48 85 c9 74 0f 48 8d 43 01 48 c1 e0 05 48 8b
0x00007ff9ebc56639:   04 08 0f b7 d8 48 8b 74 24 38 48 63 c3 48 8b 5c
0x00007ff9ebc56649:   24 30 0f b7 44 c7 40 48 83 c4 20 5f c3 cc cc cc
0x00007ff9ebc56659:   cc cc cc cc cc cc cc 4c 8b c9 45 84 c0 75 42 48
0x00007ff9ebc56669:   8b 49 10 48 85 c9 74 39 85 d2 79 1a f7 d2 48 63
0x00007ff9ebc56679:   c2 48 ff c0 48 c1 e0 05 48 8b 04 08 0f b7 c8 41
0x00007ff9ebc56689:   0f b7 44 c9 42 c3 48 63 c2 48 ff c0 48 c1 e0 05
0x00007ff9ebc56699:   48 8b 04 08 0f b7 d0 48 63 c2 41 0f b7 44 c1 42
0x00007ff9ebc566a9:   c3 49 8b 41 08 4c 63 c2 42 0f b6 44 00 04 8d 48
0x00007ff9ebc566b9:   ef 80 f9 01 76 0e 3c 6a 74 0a 48 63 c2 41 0f b7
0x00007ff9ebc566c9:   44 c1 42 c3 43 0f b7 44 c1 42 c3 cc cc cc cc cc
0x00007ff9ebc566d9:   cc cc cc cc cc cc cc 40 53 48 83 ec 20 48 8b d9
0x00007ff9ebc566e9:   e8 72 ff ff ff 48 63 d0 0f b7 44 d3 40 48 8b 44
0x00007ff9ebc566f9:   c3 40 48 83 c4 20 5b c3 cc cc cc cc cc cc cc cc
0x00007ff9ebc56709:   cc cc cc cc cc cc cc 40 53 48 83 ec 20 48 8b d9
0x00007ff9ebc56719:   e8 42 ff ff ff 48 63 d0 0f b7 44 d3 42 48 8b 44
0x00007ff9ebc56729:   c3 40 48 83 c4 20 5b c3 cc cc cc cc cc cc cc cc
0x00007ff9ebc56739:   cc cc cc cc cc cc cc 4c 8b d1 45 84 c9 75 23 4c
0x00007ff9ebc56749:   8b 49 10 4d 85 c9 74 1a 45 85 c0 79 03 41 f7 d0
0x00007ff9ebc56759:   49 63 c0 48 ff c0 48 c1 e0 05 4a 8b 04 08 44 0f
0x00007ff9ebc56769:   b7 c0 49 8b 42 08 49 63 c8 0f b6 4c 08 04 48 8b
0x00007ff9ebc56779:   c2 88 0a c3 cc cc cc 40 56 57 41 54 41 56 41 57
0x00007ff9ebc56789:   48 83 ec 20 45 8b 30 49 8b f0 49 63 f9 4c 8b e2 


Stack slot to memory mapping:
stack at sp + 0 slots: 0x00007ff9ebc5671e jvm.dll
stack at sp + 1 slots: 0x000000df56efede0 is pointing into the stack for thread: 0x0000024ff152a000
stack at sp + 2 slots: 0x0 is NULL
stack at sp + 3 slots: 0x0 is NULL
stack at sp + 4 slots: 0x0 is NULL
stack at sp + 5 slots: 0x0 is NULL
stack at sp + 6 slots: 0x00007ff9ebd3f320 jvm.dll
stack at sp + 7 slots: 0x0 is NULL


---------------  P R O C E S S  ---------------

Threads class SMR info:
_java_thread_list=0x0000024ff1eb70d0, length=15, elements={
0x0000024fd1a2d000, 0x0000024ff0a08000, 0x0000024ff0a09000, 0x0000024ff0a21800,
0x0000024ff0a29800, 0x0000024ff0a2b800, 0x0000024ff0a30000, 0x0000024ff0a3b000,
0x0000024ff0a46800, 0x0000024ff1455800, 0x0000024ff152a000, 0x0000024ff152b000,
0x0000024ff153c000, 0x0000024ff174e800, 0x0000024ff172c000
}

Java Threads: ( => current thread )
  0x0000024fd1a2d000 JavaThread "main" [_thread_blocked, id=34944, stack(0x000000df55d00000,0x000000df55e00000)]
  0x0000024ff0a08000 JavaThread "Reference Handler" daemon [_thread_blocked, id=34904, stack(0x000000df56400000,0x000000df56500000)]
  0x0000024ff0a09000 JavaThread "Finalizer" daemon [_thread_blocked, id=19488, stack(0x000000df56500000,0x000000df56600000)]
  0x0000024ff0a21800 JavaThread "Signal Dispatcher" daemon [_thread_blocked, id=33916, stack(0x000000df56600000,0x000000df56700000)]
  0x0000024ff0a29800 JavaThread "Attach Listener" daemon [_thread_blocked, id=23476, stack(0x000000df56700000,0x000000df56800000)]
  0x0000024ff0a2b800 JavaThread "Service Thread" daemon [_thread_blocked, id=33312, stack(0x000000df56800000,0x000000df56900000)]
  0x0000024ff0a30000 JavaThread "C2 CompilerThread0" daemon [_thread_blocked, id=17104, stack(0x000000df56900000,0x000000df56a00000)]
  0x0000024ff0a3b000 JavaThread "C1 CompilerThread0" daemon [_thread_blocked, id=24740, stack(0x000000df56a00000,0x000000df56b00000)]
  0x0000024ff0a46800 JavaThread "Sweeper thread" daemon [_thread_blocked, id=32716, stack(0x000000df56b00000,0x000000df56c00000)]
  0x0000024ff1455800 JavaThread "Common-Cleaner" daemon [_thread_blocked, id=29892, stack(0x000000df56c00000,0x000000df56d00000)]
=>0x0000024ff152a000 JavaThread "JDWP Transport Listener: dt_socket" daemon [_thread_in_vm, id=25188, stack(0x000000df56e00000,0x000000df56f00000)]
  0x0000024ff152b000 JavaThread "JDWP Event Helper Thread" daemon [_thread_blocked, id=6772, stack(0x000000df56f00000,0x000000df57000000)]
  0x0000024ff153c000 JavaThread "JDWP Command Reader" daemon [_thread_in_native, id=23900, stack(0x000000df57000000,0x000000df57100000)]
  0x0000024ff174e800 JavaThread "Notification Thread" daemon [_thread_blocked, id=21064, stack(0x000000df57100000,0x000000df57200000)]
  0x0000024ff172c000 JavaThread "ReaderThread" [_thread_in_native, id=28164, stack(0x000000df57300000,0x000000df57400000)]

Other Threads:
  0x0000024ff0a06000 VMThread "VM Thread" [stack: 0x000000df56300000,0x000000df56400000] [id=25248]
  0x0000024ff1741800 WatcherThread [stack: 0x000000df57200000,0x000000df57300000] [id=35528]
  0x0000024fd1a71800 GCTaskThread "GC Thread#0" [stack: 0x000000df55e00000,0x000000df55f00000] [id=35212]
  0x0000024fd1a83000 ConcurrentGCThread "G1 Main Marker" [stack: 0x000000df55f00000,0x000000df56000000] [id=31488]
  0x0000024fd1a84800 ConcurrentGCThread "G1 Conc#0" [stack: 0x000000df56000000,0x000000df56100000] [id=21032]
  0x0000024fd1afc000 ConcurrentGCThread "G1 Refine#0" [stack: 0x000000df56100000,0x000000df56200000] [id=33708]
  0x0000024fd1afc800 ConcurrentGCThread "G1 Young RemSet Sampling" [stack: 0x000000df56200000,0x000000df56300000] [id=30012]

Threads with active compile tasks:

VM state:not at safepoint (normal execution)

VM Mutex/Monitor currently owned by a thread: None

Heap address: 0x0000000082000000, size: 2016 MB, Compressed Oops mode: 32-bit
Narrow klass base: 0x0000000800000000, Narrow klass shift: 3
Compressed class space size: 1073741824 Address: 0x0000000800b30000

Heap:
 garbage-first heap   total 129024K, used 7168K [0x0000000082000000, 0x0000000100000000)
  region size 1024K, 8 young (8192K), 0 survivors (0K)
 Metaspace       used 4287K, capacity 5309K, committed 5504K, reserved 1056768K
  class space    used 454K, capacity 553K, committed 640K, reserved 1048576K
Heap Regions: E=young(eden), S=young(survivor), O=old, HS=humongous(starts), HC=humongous(continues), CS=collection set, F=free, OA=open archive, CA=closed archive, TAMS=top-at-mark-start (previous, next)
|   0|0x0000000082000000, 0x0000000082000000, 0x0000000082100000|  0%| F|  |TAMS 0x0000000082000000, 0x0000000082000000| Untracked 
|   1|0x0000000082100000, 0x0000000082100000, 0x0000000082200000|  0%| F|  |TAMS 0x0000000082100000, 0x0000000082100000| Untracked 
|   2|0x0000000082200000, 0x0000000082200000, 0x0000000082300000|  0%| F|  |TAMS 0x0000000082200000, 0x0000000082200000| Untracked 
|   3|0x0000000082300000, 0x0000000082300000, 0x0000000082400000|  0%| F|  |TAMS 0x0000000082300000, 0x0000000082300000| Untracked 
|   4|0x0000000082400000, 0x0000000082400000, 0x0000000082500000|  0%| F|  |TAMS 0x0000000082400000, 0x0000000082400000| Untracked 
|   5|0x0000000082500000, 0x0000000082500000, 0x0000000082600000|  0%| F|  |TAMS 0x0000000082500000, 0x0000000082500000| Untracked 
|   6|0x0000000082600000, 0x0000000082600000, 0x0000000082700000|  0%| F|  |TAMS 0x0000000082600000, 0x0000000082600000| Untracked 
|   7|0x0000000082700000, 0x0000000082700000, 0x0000000082800000|  0%| F|  |TAMS 0x0000000082700000, 0x0000000082700000| Untracked 
|   8|0x0000000082800000, 0x0000000082800000, 0x0000000082900000|  0%| F|  |TAMS 0x0000000082800000, 0x0000000082800000| Untracked 
|   9|0x0000000082900000, 0x0000000082900000, 0x0000000082a00000|  0%| F|  |TAMS 0x0000000082900000, 0x0000000082900000| Untracked 
|  10|0x0000000082a00000, 0x0000000082a00000, 0x0000000082b00000|  0%| F|  |TAMS 0x0000000082a00000, 0x0000000082a00000| Untracked 
|  11|0x0000000082b00000, 0x0000000082b00000, 0x0000000082c00000|  0%| F|  |TAMS 0x0000000082b00000, 0x0000000082b00000| Untracked 
|  12|0x0000000082c00000, 0x0000000082c00000, 0x0000000082d00000|  0%| F|  |TAMS 0x0000000082c00000, 0x0000000082c00000| Untracked 
|  13|0x0000000082d00000, 0x0000000082d00000, 0x0000000082e00000|  0%| F|  |TAMS 0x0000000082d00000, 0x0000000082d00000| Untracked 
|  14|0x0000000082e00000, 0x0000000082e00000, 0x0000000082f00000|  0%| F|  |TAMS 0x0000000082e00000, 0x0000000082e00000| Untracked 
|  15|0x0000000082f00000, 0x0000000082f00000, 0x0000000083000000|  0%| F|  |TAMS 0x0000000082f00000, 0x0000000082f00000| Untracked 
|  16|0x0000000083000000, 0x0000000083000000, 0x0000000083100000|  0%| F|  |TAMS 0x0000000083000000, 0x0000000083000000| Untracked 
|  17|0x0000000083100000, 0x0000000083100000, 0x0000000083200000|  0%| F|  |TAMS 0x0000000083100000, 0x0000000083100000| Untracked 
|  18|0x0000000083200000, 0x0000000083200000, 0x0000000083300000|  0%| F|  |TAMS 0x0000000083200000, 0x0000000083200000| Untracked 
|  19|0x0000000083300000, 0x0000000083300000, 0x0000000083400000|  0%| F|  |TAMS 0x0000000083300000, 0x0000000083300000| Untracked 
|  20|0x0000000083400000, 0x0000000083400000, 0x0000000083500000|  0%| F|  |TAMS 0x0000000083400000, 0x0000000083400000| Untracked 
|  21|0x0000000083500000, 0x0000000083500000, 0x0000000083600000|  0%| F|  |TAMS 0x0000000083500000, 0x0000000083500000| Untracked 
|  22|0x0000000083600000, 0x0000000083600000, 0x0000000083700000|  0%| F|  |TAMS 0x0000000083600000, 0x0000000083600000| Untracked 
|  23|0x0000000083700000, 0x0000000083700000, 0x0000000083800000|  0%| F|  |TAMS 0x0000000083700000, 0x0000000083700000| Untracked 
|  24|0x0000000083800000, 0x0000000083800000, 0x0000000083900000|  0%| F|  |TAMS 0x0000000083800000, 0x0000000083800000| Untracked 
|  25|0x0000000083900000, 0x0000000083900000, 0x0000000083a00000|  0%| F|  |TAMS 0x0000000083900000, 0x0000000083900000| Untracked 
|  26|0x0000000083a00000, 0x0000000083a00000, 0x0000000083b00000|  0%| F|  |TAMS 0x0000000083a00000, 0x0000000083a00000| Untracked 
|  27|0x0000000083b00000, 0x0000000083b00000, 0x0000000083c00000|  0%| F|  |TAMS 0x0000000083b00000, 0x0000000083b00000| Untracked 
|  28|0x0000000083c00000, 0x0000000083c00000, 0x0000000083d00000|  0%| F|  |TAMS 0x0000000083c00000, 0x0000000083c00000| Untracked 
|  29|0x0000000083d00000, 0x0000000083d00000, 0x0000000083e00000|  0%| F|  |TAMS 0x0000000083d00000, 0x0000000083d00000| Untracked 
|  30|0x0000000083e00000, 0x0000000083e00000, 0x0000000083f00000|  0%| F|  |TAMS 0x0000000083e00000, 0x0000000083e00000| Untracked 
|  31|0x0000000083f00000, 0x0000000083f00000, 0x0000000084000000|  0%| F|  |TAMS 0x0000000083f00000, 0x0000000083f00000| Untracked 
|  32|0x0000000084000000, 0x0000000084000000, 0x0000000084100000|  0%| F|  |TAMS 0x0000000084000000, 0x0000000084000000| Untracked 
|  33|0x0000000084100000, 0x0000000084100000, 0x0000000084200000|  0%| F|  |TAMS 0x0000000084100000, 0x0000000084100000| Untracked 
|  34|0x0000000084200000, 0x0000000084200000, 0x0000000084300000|  0%| F|  |TAMS 0x0000000084200000, 0x0000000084200000| Untracked 
|  35|0x0000000084300000, 0x0000000084300000, 0x0000000084400000|  0%| F|  |TAMS 0x0000000084300000, 0x0000000084300000| Untracked 
|  36|0x0000000084400000, 0x0000000084400000, 0x0000000084500000|  0%| F|  |TAMS 0x0000000084400000, 0x0000000084400000| Untracked 
|  37|0x0000000084500000, 0x0000000084500000, 0x0000000084600000|  0%| F|  |TAMS 0x0000000084500000, 0x0000000084500000| Untracked 
|  38|0x0000000084600000, 0x0000000084600000, 0x0000000084700000|  0%| F|  |TAMS 0x0000000084600000, 0x0000000084600000| Untracked 
|  39|0x0000000084700000, 0x0000000084700000, 0x0000000084800000|  0%| F|  |TAMS 0x0000000084700000, 0x0000000084700000| Untracked 
|  40|0x0000000084800000, 0x0000000084800000, 0x0000000084900000|  0%| F|  |TAMS 0x0000000084800000, 0x0000000084800000| Untracked 
|  41|0x0000000084900000, 0x0000000084900000, 0x0000000084a00000|  0%| F|  |TAMS 0x0000000084900000, 0x0000000084900000| Untracked 
|  42|0x0000000084a00000, 0x0000000084a00000, 0x0000000084b00000|  0%| F|  |TAMS 0x0000000084a00000, 0x0000000084a00000| Untracked 
|  43|0x0000000084b00000, 0x0000000084b00000, 0x0000000084c00000|  0%| F|  |TAMS 0x0000000084b00000, 0x0000000084b00000| Untracked 
|  44|0x0000000084c00000, 0x0000000084c00000, 0x0000000084d00000|  0%| F|  |TAMS 0x0000000084c00000, 0x0000000084c00000| Untracked 
|  45|0x0000000084d00000, 0x0000000084d00000, 0x0000000084e00000|  0%| F|  |TAMS 0x0000000084d00000, 0x0000000084d00000| Untracked 
|  46|0x0000000084e00000, 0x0000000084e00000, 0x0000000084f00000|  0%| F|  |TAMS 0x0000000084e00000, 0x0000000084e00000| Untracked 
|  47|0x0000000084f00000, 0x0000000084f00000, 0x0000000085000000|  0%| F|  |TAMS 0x0000000084f00000, 0x0000000084f00000| Untracked 
|  48|0x0000000085000000, 0x0000000085000000, 0x0000000085100000|  0%| F|  |TAMS 0x0000000085000000, 0x0000000085000000| Untracked 
|  49|0x0000000085100000, 0x0000000085100000, 0x0000000085200000|  0%| F|  |TAMS 0x0000000085100000, 0x0000000085100000| Untracked 
|  50|0x0000000085200000, 0x0000000085200000, 0x0000000085300000|  0%| F|  |TAMS 0x0000000085200000, 0x0000000085200000| Untracked 
|  51|0x0000000085300000, 0x0000000085300000, 0x0000000085400000|  0%| F|  |TAMS 0x0000000085300000, 0x0000000085300000| Untracked 
|  52|0x0000000085400000, 0x0000000085400000, 0x0000000085500000|  0%| F|  |TAMS 0x0000000085400000, 0x0000000085400000| Untracked 
|  53|0x0000000085500000, 0x0000000085500000, 0x0000000085600000|  0%| F|  |TAMS 0x0000000085500000, 0x0000000085500000| Untracked 
|  54|0x0000000085600000, 0x0000000085600000, 0x0000000085700000|  0%| F|  |TAMS 0x0000000085600000, 0x0000000085600000| Untracked 
|  55|0x0000000085700000, 0x0000000085700000, 0x0000000085800000|  0%| F|  |TAMS 0x0000000085700000, 0x0000000085700000| Untracked 
|  56|0x0000000085800000, 0x0000000085800000, 0x0000000085900000|  0%| F|  |TAMS 0x0000000085800000, 0x0000000085800000| Untracked 
|  57|0x0000000085900000, 0x0000000085900000, 0x0000000085a00000|  0%| F|  |TAMS 0x0000000085900000, 0x0000000085900000| Untracked 
|  58|0x0000000085a00000, 0x0000000085a00000, 0x0000000085b00000|  0%| F|  |TAMS 0x0000000085a00000, 0x0000000085a00000| Untracked 
|  59|0x0000000085b00000, 0x0000000085b00000, 0x0000000085c00000|  0%| F|  |TAMS 0x0000000085b00000, 0x0000000085b00000| Untracked 
|  60|0x0000000085c00000, 0x0000000085c00000, 0x0000000085d00000|  0%| F|  |TAMS 0x0000000085c00000, 0x0000000085c00000| Untracked 
|  61|0x0000000085d00000, 0x0000000085d00000, 0x0000000085e00000|  0%| F|  |TAMS 0x0000000085d00000, 0x0000000085d00000| Untracked 
|  62|0x0000000085e00000, 0x0000000085e00000, 0x0000000085f00000|  0%| F|  |TAMS 0x0000000085e00000, 0x0000000085e00000| Untracked 
|  63|0x0000000085f00000, 0x0000000085f00000, 0x0000000086000000|  0%| F|  |TAMS 0x0000000085f00000, 0x0000000085f00000| Untracked 
|  64|0x0000000086000000, 0x0000000086000000, 0x0000000086100000|  0%| F|  |TAMS 0x0000000086000000, 0x0000000086000000| Untracked 
|  65|0x0000000086100000, 0x0000000086100000, 0x0000000086200000|  0%| F|  |TAMS 0x0000000086100000, 0x0000000086100000| Untracked 
|  66|0x0000000086200000, 0x0000000086200000, 0x0000000086300000|  0%| F|  |TAMS 0x0000000086200000, 0x0000000086200000| Untracked 
|  67|0x0000000086300000, 0x0000000086300000, 0x0000000086400000|  0%| F|  |TAMS 0x0000000086300000, 0x0000000086300000| Untracked 
|  68|0x0000000086400000, 0x0000000086400000, 0x0000000086500000|  0%| F|  |TAMS 0x0000000086400000, 0x0000000086400000| Untracked 
|  69|0x0000000086500000, 0x0000000086500000, 0x0000000086600000|  0%| F|  |TAMS 0x0000000086500000, 0x0000000086500000| Untracked 
|  70|0x0000000086600000, 0x0000000086600000, 0x0000000086700000|  0%| F|  |TAMS 0x0000000086600000, 0x0000000086600000| Untracked 
|  71|0x0000000086700000, 0x0000000086700000, 0x0000000086800000|  0%| F|  |TAMS 0x0000000086700000, 0x0000000086700000| Untracked 
|  72|0x0000000086800000, 0x0000000086800000, 0x0000000086900000|  0%| F|  |TAMS 0x0000000086800000, 0x0000000086800000| Untracked 
|  73|0x0000000086900000, 0x0000000086900000, 0x0000000086a00000|  0%| F|  |TAMS 0x0000000086900000, 0x0000000086900000| Untracked 
|  74|0x0000000086a00000, 0x0000000086a00000, 0x0000000086b00000|  0%| F|  |TAMS 0x0000000086a00000, 0x0000000086a00000| Untracked 
|  75|0x0000000086b00000, 0x0000000086b00000, 0x0000000086c00000|  0%| F|  |TAMS 0x0000000086b00000, 0x0000000086b00000| Untracked 
|  76|0x0000000086c00000, 0x0000000086c00000, 0x0000000086d00000|  0%| F|  |TAMS 0x0000000086c00000, 0x0000000086c00000| Untracked 
|  77|0x0000000086d00000, 0x0000000086d00000, 0x0000000086e00000|  0%| F|  |TAMS 0x0000000086d00000, 0x0000000086d00000| Untracked 
|  78|0x0000000086e00000, 0x0000000086e00000, 0x0000000086f00000|  0%| F|  |TAMS 0x0000000086e00000, 0x0000000086e00000| Untracked 
|  79|0x0000000086f00000, 0x0000000086f00000, 0x0000000087000000|  0%| F|  |TAMS 0x0000000086f00000, 0x0000000086f00000| Untracked 
|  80|0x0000000087000000, 0x0000000087000000, 0x0000000087100000|  0%| F|  |TAMS 0x0000000087000000, 0x0000000087000000| Untracked 
|  81|0x0000000087100000, 0x0000000087100000, 0x0000000087200000|  0%| F|  |TAMS 0x0000000087100000, 0x0000000087100000| Untracked 
|  82|0x0000000087200000, 0x0000000087200000, 0x0000000087300000|  0%| F|  |TAMS 0x0000000087200000, 0x0000000087200000| Untracked 
|  83|0x0000000087300000, 0x0000000087300000, 0x0000000087400000|  0%| F|  |TAMS 0x0000000087300000, 0x0000000087300000| Untracked 
|  84|0x0000000087400000, 0x0000000087400000, 0x0000000087500000|  0%| F|  |TAMS 0x0000000087400000, 0x0000000087400000| Untracked 
|  85|0x0000000087500000, 0x0000000087500000, 0x0000000087600000|  0%| F|  |TAMS 0x0000000087500000, 0x0000000087500000| Untracked 
|  86|0x0000000087600000, 0x0000000087600000, 0x0000000087700000|  0%| F|  |TAMS 0x0000000087600000, 0x0000000087600000| Untracked 
|  87|0x0000000087700000, 0x0000000087700000, 0x0000000087800000|  0%| F|  |TAMS 0x0000000087700000, 0x0000000087700000| Untracked 
|  88|0x0000000087800000, 0x0000000087800000, 0x0000000087900000|  0%| F|  |TAMS 0x0000000087800000, 0x0000000087800000| Untracked 
|  89|0x0000000087900000, 0x0000000087900000, 0x0000000087a00000|  0%| F|  |TAMS 0x0000000087900000, 0x0000000087900000| Untracked 
|  90|0x0000000087a00000, 0x0000000087a00000, 0x0000000087b00000|  0%| F|  |TAMS 0x0000000087a00000, 0x0000000087a00000| Untracked 
|  91|0x0000000087b00000, 0x0000000087b00000, 0x0000000087c00000|  0%| F|  |TAMS 0x0000000087b00000, 0x0000000087b00000| Untracked 
|  92|0x0000000087c00000, 0x0000000087c00000, 0x0000000087d00000|  0%| F|  |TAMS 0x0000000087c00000, 0x0000000087c00000| Untracked 
|  93|0x0000000087d00000, 0x0000000087d00000, 0x0000000087e00000|  0%| F|  |TAMS 0x0000000087d00000, 0x0000000087d00000| Untracked 
|  94|0x0000000087e00000, 0x0000000087e00000, 0x0000000087f00000|  0%| F|  |TAMS 0x0000000087e00000, 0x0000000087e00000| Untracked 
|  95|0x0000000087f00000, 0x0000000087f00000, 0x0000000088000000|  0%| F|  |TAMS 0x0000000087f00000, 0x0000000087f00000| Untracked 
|  96|0x0000000088000000, 0x0000000088000000, 0x0000000088100000|  0%| F|  |TAMS 0x0000000088000000, 0x0000000088000000| Untracked 
|  97|0x0000000088100000, 0x0000000088100000, 0x0000000088200000|  0%| F|  |TAMS 0x0000000088100000, 0x0000000088100000| Untracked 
|  98|0x0000000088200000, 0x0000000088200000, 0x0000000088300000|  0%| F|  |TAMS 0x0000000088200000, 0x0000000088200000| Untracked 
|  99|0x0000000088300000, 0x0000000088300000, 0x0000000088400000|  0%| F|  |TAMS 0x0000000088300000, 0x0000000088300000| Untracked 
| 100|0x0000000088400000, 0x0000000088400000, 0x0000000088500000|  0%| F|  |TAMS 0x0000000088400000, 0x0000000088400000| Untracked 
| 101|0x0000000088500000, 0x0000000088500000, 0x0000000088600000|  0%| F|  |TAMS 0x0000000088500000, 0x0000000088500000| Untracked 
| 102|0x0000000088600000, 0x0000000088600000, 0x0000000088700000|  0%| F|  |TAMS 0x0000000088600000, 0x0000000088600000| Untracked 
| 103|0x0000000088700000, 0x0000000088700000, 0x0000000088800000|  0%| F|  |TAMS 0x0000000088700000, 0x0000000088700000| Untracked 
| 104|0x0000000088800000, 0x0000000088800000, 0x0000000088900000|  0%| F|  |TAMS 0x0000000088800000, 0x0000000088800000| Untracked 
| 105|0x0000000088900000, 0x0000000088900000, 0x0000000088a00000|  0%| F|  |TAMS 0x0000000088900000, 0x0000000088900000| Untracked 
| 106|0x0000000088a00000, 0x0000000088a00000, 0x0000000088b00000|  0%| F|  |TAMS 0x0000000088a00000, 0x0000000088a00000| Untracked 
| 107|0x0000000088b00000, 0x0000000088b00000, 0x0000000088c00000|  0%| F|  |TAMS 0x0000000088b00000, 0x0000000088b00000| Untracked 
| 108|0x0000000088c00000, 0x0000000088c00000, 0x0000000088d00000|  0%| F|  |TAMS 0x0000000088c00000, 0x0000000088c00000| Untracked 
| 109|0x0000000088d00000, 0x0000000088d00000, 0x0000000088e00000|  0%| F|  |TAMS 0x0000000088d00000, 0x0000000088d00000| Untracked 
| 110|0x0000000088e00000, 0x0000000088e00000, 0x0000000088f00000|  0%| F|  |TAMS 0x0000000088e00000, 0x0000000088e00000| Untracked 
| 111|0x0000000088f00000, 0x0000000088f00000, 0x0000000089000000|  0%| F|  |TAMS 0x0000000088f00000, 0x0000000088f00000| Untracked 
| 112|0x0000000089000000, 0x0000000089000000, 0x0000000089100000|  0%| F|  |TAMS 0x0000000089000000, 0x0000000089000000| Untracked 
| 113|0x0000000089100000, 0x0000000089100000, 0x0000000089200000|  0%| F|  |TAMS 0x0000000089100000, 0x0000000089100000| Untracked 
| 114|0x0000000089200000, 0x0000000089200000, 0x0000000089300000|  0%| F|  |TAMS 0x0000000089200000, 0x0000000089200000| Untracked 
| 115|0x0000000089300000, 0x0000000089300000, 0x0000000089400000|  0%| F|  |TAMS 0x0000000089300000, 0x0000000089300000| Untracked 
| 116|0x0000000089400000, 0x0000000089400000, 0x0000000089500000|  0%| F|  |TAMS 0x0000000089400000, 0x0000000089400000| Untracked 
| 117|0x0000000089500000, 0x0000000089500000, 0x0000000089600000|  0%| F|  |TAMS 0x0000000089500000, 0x0000000089500000| Untracked 
| 118|0x0000000089600000, 0x00000000896ec0a0, 0x0000000089700000| 92%| E|  |TAMS 0x0000000089600000, 0x0000000089600000| Complete 
| 119|0x0000000089700000, 0x0000000089800000, 0x0000000089800000|100%| E|CS|TAMS 0x0000000089700000, 0x0000000089700000| Complete 
| 120|0x0000000089800000, 0x0000000089900000, 0x0000000089900000|100%| E|CS|TAMS 0x0000000089800000, 0x0000000089800000| Complete 
| 121|0x0000000089900000, 0x0000000089a00000, 0x0000000089a00000|100%| E|CS|TAMS 0x0000000089900000, 0x0000000089900000| Complete 
| 122|0x0000000089a00000, 0x0000000089b00000, 0x0000000089b00000|100%| E|CS|TAMS 0x0000000089a00000, 0x0000000089a00000| Complete 
| 123|0x0000000089b00000, 0x0000000089c00000, 0x0000000089c00000|100%| E|CS|TAMS 0x0000000089b00000, 0x0000000089b00000| Complete 
| 124|0x0000000089c00000, 0x0000000089d00000, 0x0000000089d00000|100%| E|CS|TAMS 0x0000000089c00000, 0x0000000089c00000| Complete 
| 125|0x0000000089d00000, 0x0000000089e00000, 0x0000000089e00000|100%| E|CS|TAMS 0x0000000089d00000, 0x0000000089d00000| Complete 

Card table byte_map: [0x0000024fe98e0000,0x0000024fe9cd0000] _byte_map_base: 0x0000024fe94d0000

Marking Bits (Prev, Next): (CMBitMap*) 0x0000024fd1a721f8, (CMBitMap*) 0x0000024fd1a72238
 Prev Bits: [0x0000024fea0c0000, 0x0000024fec040000)
 Next Bits: [0x0000024fec040000, 0x0000024fedfc0000)

Polling page: 0x0000024fcf9a0000

Metaspace:

Usage:
  Non-class:      4.64 MB capacity,     3.74 MB ( 81%) used,   914.27 KB ( 19%) free+waste,     8.31 KB ( <1%) overhead. 
      Class:    553.00 KB capacity,   454.38 KB ( 82%) used,    94.19 KB ( 17%) free+waste,     4.44 KB ( <1%) overhead. 
       Both:      5.18 MB capacity,     4.19 MB ( 81%) used,  1008.46 KB ( 19%) free+waste,    12.75 KB ( <1%) overhead. 

Virtual space:
  Non-class space:        8.00 MB reserved,       4.75 MB ( 59%) committed 
      Class space:        1.00 GB reserved,     640.00 KB ( <1%) committed 
             Both:        1.01 GB reserved,       5.38 MB ( <1%) committed 

Chunk freelists:
   Non-Class:  44.00 KB
       Class:  0 bytes
        Both:  44.00 KB

MaxMetaspaceSize: 17179869184.00 GB
CompressedClassSpaceSize: 1.00 GB

CodeHeap 'non-profiled nmethods': size=120000Kb used=235Kb max_used=235Kb free=119764Kb
 bounds [0x0000024fe1c90000, 0x0000024fe1f00000, 0x0000024fe91c0000]
CodeHeap 'profiled nmethods': size=120000Kb used=1178Kb max_used=1178Kb free=118821Kb
 bounds [0x0000024fda760000, 0x0000024fda9d0000, 0x0000024fe1c90000]
CodeHeap 'non-nmethods': size=5760Kb used=1248Kb max_used=1273Kb free=4511Kb
 bounds [0x0000024fda1c0000, 0x0000024fda430000, 0x0000024fda760000]
 total_blobs=1542 nmethods=686 adapters=327
 compilation: enabled
              stopped_count=0, restarted_count=0
 full_count=0

Compilation events (20 events):
Event: 0.344 Thread 0x0000024ff0a3b000  676       3       jdk.internal.org.objectweb.asm.ByteVector::putByteArray (49 bytes)
Event: 0.344 Thread 0x0000024ff0a3b000 nmethod 676 0x0000024fda883290 code [0x0000024fda883440, 0x0000024fda883718]
Event: 0.345 Thread 0x0000024ff0a3b000  678       3       jdk.internal.loader.ClassLoaders$BootClassLoader::loadClassOrNull (11 bytes)
Event: 0.345 Thread 0x0000024ff0a3b000 nmethod 678 0x0000024fda883810 code [0x0000024fda8839e0, 0x0000024fda883d38]
Event: 0.345 Thread 0x0000024ff0a3b000  680       3       java.lang.Enum::<init> (15 bytes)
Event: 0.345 Thread 0x0000024ff0a3b000 nmethod 680 0x0000024fda883e90 code [0x0000024fda884020, 0x0000024fda8841f8]
Event: 0.345 Thread 0x0000024ff0a3b000  679       3       java.lang.System$2::findBootstrapClassOrNull (6 bytes)
Event: 0.345 Thread 0x0000024ff0a3b000 nmethod 679 0x0000024fda884290 code [0x0000024fda884440, 0x0000024fda884718]
Event: 0.346 Thread 0x0000024ff0a3b000  681       3       java.util.Calendar::internalSet (8 bytes)
Event: 0.346 Thread 0x0000024ff0a3b000 nmethod 681 0x0000024fda884810 code [0x0000024fda8849a0, 0x0000024fda884af8]
Event: 0.347 Thread 0x0000024ff0a3b000  682       3       java.lang.String::checkIndex (48 bytes)
Event: 0.347 Thread 0x0000024ff0a3b000 nmethod 682 0x0000024fda884c10 code [0x0000024fda884ea0, 0x0000024fda885878]
Event: 0.347 Thread 0x0000024ff0a3b000  684       3       java.util.Locale::hasExtensions (13 bytes)
Event: 0.347 Thread 0x0000024ff0a3b000 nmethod 684 0x0000024fda885c10 code [0x0000024fda885da0, 0x0000024fda885f18]
Event: 0.347 Thread 0x0000024ff0a3b000  683       1       sun.util.calendar.CalendarDate::getYear (5 bytes)
Event: 0.347 Thread 0x0000024ff0a3b000 nmethod 683 0x0000024fe1ccab10 code [0x0000024fe1ccaca0, 0x0000024fe1ccad78]
Event: 0.347 Thread 0x0000024ff0a3b000  685       3       java.lang.ClassLoader::loadClass (7 bytes)
Event: 0.348 Thread 0x0000024ff0a3b000 nmethod 685 0x0000024fda885f90 code [0x0000024fda886140, 0x0000024fda886348]
Event: 0.348 Thread 0x0000024ff0a3b000  686       3       jdk.internal.loader.BuiltinClassLoader::loadClass (22 bytes)
Event: 0.348 Thread 0x0000024ff0a3b000 nmethod 686 0x0000024fda886410 code [0x0000024fda8865e0, 0x0000024fda886918]

GC Heap History (0 events):
No events

Deoptimization events (20 events):
Event: 0.141 Thread 0x0000024fd1a2d000 Uncommon trap: trap_request=0xffffff45 fr.pc=0x0000024fe1c9e0c4 relative=0x0000000000000c64
Event: 0.141 Thread 0x0000024fd1a2d000 Uncommon trap: reason=unstable_if action=reinterpret pc=0x0000024fe1c9e0c4 method=java.util.HashMap.putVal(ILjava/lang/Object;Ljava/lang/Object;ZZ)Ljava/lang/Object; @ 181 c2
Event: 0.141 Thread 0x0000024fd1a2d000 DEOPT PACKING pc=0x0000024fe1c9e0c4 sp=0x000000df55dfdfd0
Event: 0.141 Thread 0x0000024fd1a2d000 DEOPT UNPACKING pc=0x0000024fda20912f sp=0x000000df55dfdf80 mode 2
Event: 0.214 Thread 0x0000024fd1a2d000 Uncommon trap: trap_request=0xffffff45 fr.pc=0x0000024fe1ca378c relative=0x000000000000006c
Event: 0.214 Thread 0x0000024fd1a2d000 Uncommon trap: reason=unstable_if action=reinterpret pc=0x0000024fe1ca378c method=java.lang.String.isLatin1()Z @ 10 c2
Event: 0.214 Thread 0x0000024fd1a2d000 DEOPT PACKING pc=0x0000024fe1ca378c sp=0x000000df55dfdc90
Event: 0.214 Thread 0x0000024fd1a2d000 DEOPT UNPACKING pc=0x0000024fda20912f sp=0x000000df55dfdc30 mode 2
Event: 0.214 Thread 0x0000024fd1a2d000 Uncommon trap: trap_request=0xffffff45 fr.pc=0x0000024fe1ca2fe4 relative=0x0000000000000044
Event: 0.214 Thread 0x0000024fd1a2d000 Uncommon trap: reason=unstable_if action=reinterpret pc=0x0000024fe1ca2fe4 method=java.lang.CharacterData.of(I)Ljava/lang/CharacterData; @ 4 c2
Event: 0.214 Thread 0x0000024fd1a2d000 DEOPT PACKING pc=0x0000024fe1ca2fe4 sp=0x000000df55dfd7d0
Event: 0.214 Thread 0x0000024fd1a2d000 DEOPT UNPACKING pc=0x0000024fda20912f sp=0x000000df55dfd770 mode 2
Event: 0.217 Thread 0x0000024fd1a2d000 Uncommon trap: trap_request=0xffffff45 fr.pc=0x0000024fe1c9eaf8 relative=0x0000000000000118
Event: 0.217 Thread 0x0000024fd1a2d000 Uncommon trap: reason=unstable_if action=reinterpret pc=0x0000024fe1c9eaf8 method=java.lang.String.isLatin1()Z @ 10 c2
Event: 0.217 Thread 0x0000024fd1a2d000 DEOPT PACKING pc=0x0000024fe1c9eaf8 sp=0x000000df55dfeca0
Event: 0.217 Thread 0x0000024fd1a2d000 DEOPT UNPACKING pc=0x0000024fda20912f sp=0x000000df55dfebf0 mode 2
Event: 0.259 Thread 0x0000024fd1a2d000 DEOPT PACKING pc=0x0000024fda7dd373 sp=0x000000df55dfa240
Event: 0.259 Thread 0x0000024fd1a2d000 DEOPT UNPACKING pc=0x0000024fda20964e sp=0x000000df55df96a0 mode 0
Event: 0.265 Thread 0x0000024fd1a2d000 DEOPT PACKING pc=0x0000024fda7dd373 sp=0x000000df55df9e10
Event: 0.265 Thread 0x0000024fd1a2d000 DEOPT UNPACKING pc=0x0000024fda20964e sp=0x000000df55df9270 mode 0

Classes unloaded (0 events):
No events

Classes redefined (2 events):
Event: 145.658 Thread 0x0000024ff0a06000 redefined class name=Database.BinaryTree, count=1
Event: 187.750 Thread 0x0000024ff0a06000 redefined class name=Database.BinaryTree, count=2

Internal exceptions (2 events):
Event: 0.280 Thread 0x0000024fd1a2d000 Exception <a 'java/lang/IncompatibleClassChangeError'{0x00000000898b3f38}: Found class java.lang.Object, but interface was expected> (0x00000000898b3f38) 
thrown [./open/src/hotspot/share/interpreter/linkResolver.cpp, line 832]
Event: 0.298 Thread 0x0000024fd1a2d000 Exception <a 'java/lang/NoSuchMethodError'{0x000000008974cee0}: 'int java.lang.invoke.DirectMethodHandle$Holder.invokeSpecialIFC(java.lang.Object, java.lang.Object, int)'> (0x000000008974cee0) 
thrown [./open/src/hotspot/share/interpreter/linkResolver.cpp, line 766]

Events (20 events):
Event: 187.759 Executing VM operation: ChangeBreakpoints
Event: 187.759 Executing VM operation: ChangeBreakpoints done
Event: 187.760 Executing VM operation: GetFrameCount
Event: 187.760 Executing VM operation: GetFrameCount done
Event: 187.760 Executing VM operation: GetStackTrace
Event: 187.760 Executing VM operation: GetStackTrace done
Event: 187.760 Executing VM operation: GetFrameCount
Event: 187.760 Executing VM operation: GetFrameCount done
Event: 187.760 Executing VM operation: SetFramePop
Event: 187.760 Executing nested VM operation: EnterInterpOnlyMode
Event: 187.760 Executing nested VM operation: EnterInterpOnlyMode done
Event: 187.760 Executing VM operation: SetFramePop done
Event: 187.760 Executing VM operation: GetFrameLocation
Event: 187.760 Executing VM operation: GetFrameLocation done
Event: 187.760 Executing VM operation: GetCurrentLocation
Event: 187.761 Executing VM operation: GetCurrentLocation done
Event: 187.761 Executing VM operation: ChangeSingleStep
Event: 187.761 Executing VM operation: ChangeSingleStep done
Event: 187.761 Executing VM operation: GetFrameLocation
Event: 187.761 Executing VM operation: GetFrameLocation done


Dynamic libraries:
0x00007ff6a5aa0000 - 0x00007ff6a5aad000 	C:\Program Files\Java\jdk-14.0.1\bin\javaw.exe
0x00007ffa53b80000 - 0x00007ffa53d70000 	C:\WINDOWS\SYSTEM32\ntdll.dll
0x00007ffa52390000 - 0x00007ffa52442000 	C:\WINDOWS\System32\KERNEL32.DLL
0x00007ffa516d0000 - 0x00007ffa51974000 	C:\WINDOWS\System32\KERNELBASE.dll
0x00007ffa51980000 - 0x00007ffa51a7a000 	C:\WINDOWS\System32\ucrtbase.dll
0x00007ffa4ab20000 - 0x00007ffa4ab38000 	C:\Program Files\Java\jdk-14.0.1\bin\jli.dll
0x00007ffa40790000 - 0x00007ffa407a5000 	C:\Program Files\Java\jdk-14.0.1\bin\VCRUNTIME140.dll
0x00007ffa53130000 - 0x00007ffa532c4000 	C:\WINDOWS\System32\USER32.dll
0x00007ffa516a0000 - 0x00007ffa516c1000 	C:\WINDOWS\System32\win32u.dll
0x00007ffa52200000 - 0x00007ffa52226000 	C:\WINDOWS\System32\GDI32.dll
0x00007ffa41ea0000 - 0x00007ffa42124000 	C:\WINDOWS\WinSxS\amd64_microsoft.windows.common-controls_6595b64144ccf1df_6.0.18362.836_none_e6c4b943130f18ed\COMCTL32.dll
0x00007ffa50b10000 - 0x00007ffa50ca4000 	C:\WINDOWS\System32\gdi32full.dll
0x00007ffa522e0000 - 0x00007ffa5237e000 	C:\WINDOWS\System32\msvcrt.dll
0x00007ffa514e0000 - 0x00007ffa5157e000 	C:\WINDOWS\System32\msvcp_win.dll
0x00007ffa51cf0000 - 0x00007ffa52026000 	C:\WINDOWS\System32\combase.dll
0x00007ffa53480000 - 0x00007ffa535a0000 	C:\WINDOWS\System32\RPCRT4.dll
0x00007ffa50cb0000 - 0x00007ffa50d30000 	C:\WINDOWS\System32\bcryptPrimitives.dll
0x00007ffa51cb0000 - 0x00007ffa51cde000 	C:\WINDOWS\System32\IMM32.DLL
0x00007ffa1bfc0000 - 0x00007ffa1c05b000 	C:\Program Files\Java\jdk-14.0.1\bin\msvcp140.dll
0x00007ff9eba50000 - 0x00007ff9ec56e000 	C:\Program Files\Java\jdk-14.0.1\bin\server\jvm.dll
0x00007ffa532d0000 - 0x00007ffa53373000 	C:\WINDOWS\System32\ADVAPI32.dll
0x00007ffa53380000 - 0x00007ffa53417000 	C:\WINDOWS\System32\sechost.dll
0x00007ffa52180000 - 0x00007ffa52188000 	C:\WINDOWS\System32\PSAPI.DLL
0x00007ffa4b6d0000 - 0x00007ffa4b6da000 	C:\WINDOWS\SYSTEM32\VERSION.dll
0x00007ffa407b0000 - 0x00007ffa407b9000 	C:\WINDOWS\SYSTEM32\WSOCK32.dll
0x00007ffa4be00000 - 0x00007ffa4be24000 	C:\WINDOWS\SYSTEM32\WINMM.dll
0x00007ffa52fb0000 - 0x00007ffa5301f000 	C:\WINDOWS\System32\WS2_32.dll
0x00007ffa4bdd0000 - 0x00007ffa4bdfd000 	C:\WINDOWS\SYSTEM32\WINMMBASE.dll
0x00007ffa515a0000 - 0x00007ffa515ea000 	C:\WINDOWS\System32\cfgmgr32.dll
0x00007ffa50ac0000 - 0x00007ffa50ad1000 	C:\WINDOWS\System32\kernel.appcore.dll
0x00007ffa4c070000 - 0x00007ffa4c07a000 	C:\Program Files\Java\jdk-14.0.1\bin\jimage.dll
0x00007ffa4f350000 - 0x00007ffa4f544000 	C:\WINDOWS\SYSTEM32\DBGHELP.DLL
0x00007ffa378b0000 - 0x00007ffa378da000 	C:\WINDOWS\SYSTEM32\dbgcore.DLL
0x00007ffa36ef0000 - 0x00007ffa36f28000 	C:\Program Files\Java\jdk-14.0.1\bin\jdwp.dll
0x00007ffa37030000 - 0x00007ffa37055000 	C:\Program Files\Java\jdk-14.0.1\bin\java.dll
0x00007ffa4d430000 - 0x00007ffa4d43e000 	C:\Program Files\Java\jdk-14.0.1\bin\instrument.dll
0x00007ffa37940000 - 0x00007ffa37956000 	C:\Program Files\Java\jdk-14.0.1\bin\zip.dll
0x00007ffa528c0000 - 0x00007ffa52fa4000 	C:\WINDOWS\System32\SHELL32.dll
0x00007ffa53080000 - 0x00007ffa53129000 	C:\WINDOWS\System32\shcore.dll
0x00007ffa50d60000 - 0x00007ffa514de000 	C:\WINDOWS\System32\windows.storage.dll
0x00007ffa50ae0000 - 0x00007ffa50b03000 	C:\WINDOWS\System32\profapi.dll
0x00007ffa50a50000 - 0x00007ffa50a9a000 	C:\WINDOWS\System32\powrprof.dll
0x00007ffa50a40000 - 0x00007ffa50a50000 	C:\WINDOWS\System32\UMPDC.dll
0x00007ffa53a10000 - 0x00007ffa53a62000 	C:\WINDOWS\System32\shlwapi.dll
0x00007ffa51580000 - 0x00007ffa51597000 	C:\WINDOWS\System32\cryptsp.dll
0x00007ffa4d420000 - 0x00007ffa4d42b000 	C:\Program Files\Java\jdk-14.0.1\bin\dt_socket.dll
0x00007ffa4ffc0000 - 0x00007ffa4fffa000 	C:\WINDOWS\SYSTEM32\IPHLPAPI.DLL
0x00007ffa502b0000 - 0x00007ffa50317000 	C:\WINDOWS\system32\mswsock.dll
0x00007ffa50000000 - 0x00007ffa500cb000 	C:\WINDOWS\SYSTEM32\DNSAPI.dll
0x00007ffa51ce0000 - 0x00007ffa51ce8000 	C:\WINDOWS\System32\NSI.dll
0x00007ffa41980000 - 0x00007ffa4198a000 	C:\Windows\System32\rasadhlp.dll
0x00007ffa46950000 - 0x00007ffa469c7000 	C:\WINDOWS\System32\fwpuclnt.dll
0x00007ffa50d30000 - 0x00007ffa50d56000 	C:\WINDOWS\System32\bcrypt.dll
0x00007ffa37010000 - 0x00007ffa37029000 	C:\Program Files\Java\jdk-14.0.1\bin\net.dll
0x00007ffa419b0000 - 0x00007ffa41aa0000 	C:\WINDOWS\SYSTEM32\WINHTTP.dll
0x00007ffa36f70000 - 0x00007ffa36f82000 	C:\Program Files\Java\jdk-14.0.1\bin\nio.dll
0x00007ffa4b450000 - 0x00007ffa4b460000 	C:\Program Files\Java\jdk-14.0.1\bin\verify.dll
0x00007ffa481a0000 - 0x00007ffa481b6000 	C:\WINDOWS\SYSTEM32\dhcpcsvc6.DLL
0x00007ffa49740000 - 0x00007ffa4975c000 	C:\WINDOWS\SYSTEM32\dhcpcsvc.DLL

dbghelp: loaded successfully - version: 4.0.5 - missing functions: none
symbol engine: initialized successfully - sym options: 0x614 - pdb path: .;C:\Program Files\Java\jdk-14.0.1\bin;C:\WINDOWS\SYSTEM32;C:\WINDOWS\WinSxS\amd64_microsoft.windows.common-controls_6595b64144ccf1df_6.0.18362.836_none_e6c4b943130f18ed;C:\Program Files\Java\jdk-14.0.1\bin\server

VM Arguments:
jvm_args: -agentlib:jdwp=transport=dt_socket,suspend=y,address=localhost:65520 -ea -javaagent:C:\Users\shiva\eclipse\java-2019-062\eclipse\configuration\org.eclipse.osgi\226\0\.cp\lib\javaagent-shaded.jar -Dfile.encoding=Cp1252 
java_command: org.eclipse.jdt.internal.junit.runner.RemoteTestRunner -version 3 -port 65519 -testLoaderClass org.eclipse.jdt.internal.junit4.runner.JUnit4TestLoader -loaderpluginname org.eclipse.jdt.junit4.runtime -classNames Testing.AVLTest
java_class_path (initial): C:\Users\shiva\OneDrive\Desktop\DS_2017_Assignment2\out\production\DS_2016_Assignment2;C:\Users\shiva\OneDrive\Desktop\DS_2017_Assignment2\hamcrest-core-1.3.jar;C:\Users\shiva\OneDrive\Desktop\DS_2017_Assignment2\junit-4.12.jar;C:\Users\shiva\eclipse\java-2019-062\eclipse\configuration\org.eclipse.osgi\224\0\.cp;C:\Users\shiva\eclipse\java-2019-062\eclipse\configuration\org.eclipse.osgi\223\0\.cp
Launcher Type: SUN_STANDARD

[Global flags]
     intx CICompilerCount                          = 4                                         {product} {ergonomic}
     uint ConcGCThreads                            = 2                                         {product} {ergonomic}
     uint G1ConcRefinementThreads                  = 8                                         {product} {ergonomic}
   size_t G1HeapRegionSize                         = 1048576                                   {product} {ergonomic}
    uintx GCDrainStackTargetSize                   = 64                                        {product} {ergonomic}
   size_t InitialHeapSize                          = 132120576                                 {product} {ergonomic}
   size_t MarkStackSize                            = 4194304                                   {product} {ergonomic}
   size_t MaxHeapSize                              = 2113929216                                {product} {ergonomic}
   size_t MaxNewSize                               = 1267728384                                {product} {ergonomic}
   size_t MinHeapDeltaBytes                        = 1048576                                   {product} {ergonomic}
   size_t MinHeapSize                              = 8388608                                   {product} {ergonomic}
    uintx NonNMethodCodeHeapSize                   = 5839372                                {pd product} {ergonomic}
    uintx NonProfiledCodeHeapSize                  = 122909434                              {pd product} {ergonomic}
    uintx ProfiledCodeHeapSize                     = 122909434                              {pd product} {ergonomic}
    uintx ReservedCodeCacheSize                    = 251658240                              {pd product} {ergonomic}
     bool SegmentedCodeCache                       = true                                      {product} {ergonomic}
   size_t SoftMaxHeapSize                          = 2113929216                             {manageable} {ergonomic}
     bool UseCompressedClassPointers               = true                                 {lp64_product} {ergonomic}
     bool UseCompressedOops                        = true                                 {lp64_product} {ergonomic}
     bool UseG1GC                                  = true                                      {product} {ergonomic}
     bool UseLargePagesIndividualAllocation        = false                                  {pd product} {ergonomic}

Logging:
Log output configuration:
 #0: stdout all=warning uptime,level,tags
 #1: stderr all=off uptime,level,tags

Environment Variables:
PATH=C:\Program Files (x86)\Common Files\Oracle\Java\javapath;C:\WINDOWS\system32;C:\WINDOWS;C:\WINDOWS\System32\Wbem;C:\WINDOWS\System32\WindowsPowerShell\v1.0\;C:\WINDOWS\System32\OpenSSH\;C:\Program Files (x86)\Intel\Intel(R) Management Engine Components\DAL;C:\Program Files\Intel\Intel(R) Management Engine Components\DAL;C:\Program Files\Microsoft SQL Server\Client SDK\ODBC\130\Tools\Binn\;C:\Program Files (x86)\Microsoft SQL Server\130\Tools\Binn\;C:\Program Files\Microsoft SQL Server\130\Tools\Binn\;C:\Program Files\Microsoft SQL Server\130\DTS\Binn\;C:\Program Files (x86)\Microsoft SQL Server\150\DTS\Binn\;C:\Program Files\Microsoft SQL Server\Client SDK\ODBC\170\Tools\Binn\;C:\Program Files\dotnet\;C:\Program Files (x86)\BaseX\bin;C:\Program Files\Java\jdk-14.0.1\bin
USERNAME=shiva
OS=Windows_NT
PROCESSOR_IDENTIFIER=Intel64 Family 6 Model 142 Stepping 10, GenuineIntel



---------------  S Y S T E M  ---------------

OS: Windows 10 , 64 bit Build 18362 (10.0.18362.778)
OS uptime: 6 days 5:58 hours

CPU:total 8 (initial active 8) (4 cores per cpu, 2 threads per core) family 6 model 142 stepping 10, cmov, cx8, fxsr, mmx, sse, sse2, sse3, ssse3, sse4.1, sse4.2, popcnt, avx, avx2, aes, clmul, erms, 3dnowpref, lzcnt, ht, tsc, tscinvbit, bmi1, bmi2, adx, fma

Memory: 4k page, system-wide physical 8057M (1497M free)
TotalPageFile size 21342M (AvailPageFile size 6451M)
current process WorkingSet (physical memory assigned to process): 48M, peak: 54M
current process commit charge ("private bytes"): 216M, peak: 222M

vm_info: OpenJDK 64-Bit Server VM (14.0.1+7) for windows-amd64 JRE (14.0.1+7), built on Mar  5 2020 10:30:04 by "mach5one" with MS VC++ 15.9 (VS2017)

END.
