#
# A fatal error has been detected by the Java Runtime Environment:
#
#  EXCEPTION_ACCESS_VIOLATION (0xc0000005) at pc=0x00007ff9d90d6721, pid=24844, tid=24592
#
# JRE version: OpenJDK Runtime Environment (14.0.1+7) (build 14.0.1+7)
# Java VM: OpenJDK 64-Bit Server VM (14.0.1+7, mixed mode, sharing, tiered, compressed oops, g1 gc, windows-amd64)
# Problematic frame:
# V  [jvm.dll+0x206721]
#
# No core dump will be written. Minidumps are not enabled by default on client versions of Windows
#
# If you would like to submit a bug report, please visit:
#   https://bugreport.java.com/bugreport/crash.jsp
#

---------------  S U M M A R Y ------------

Command Line: -agentlib:jdwp=transport=dt_socket,suspend=y,address=localhost:62239 -ea -javaagent:C:\Users\shiva\eclipse\java-2019-062\eclipse\configuration\org.eclipse.osgi\226\0\.cp\lib\javaagent-shaded.jar -Dfile.encoding=Cp1252 org.eclipse.jdt.internal.junit.runner.RemoteTestRunner -version 3 -port 62238 -testLoaderClass org.eclipse.jdt.internal.junit4.runner.JUnit4TestLoader -loaderpluginname org.eclipse.jdt.junit4.runtime -classNames Testing.BinaryTreeTest

Host: Intel(R) Core(TM) i7-8550U CPU @ 1.80GHz, 8 cores, 7G,  Windows 10 , 64 bit Build 18362 (10.0.18362.778)
Time: Sun May 31 02:55:43 2020 Cen. Australia Standard Time elapsed time: 345 seconds (0d 0h 5m 45s)

---------------  T H R E A D  ---------------

Current thread (0x000001aeffcc9000):  JavaThread "JDWP Transport Listener: dt_socket" daemon [_thread_in_vm, id=24592, stack(0x000000495e800000,0x000000495e900000)] _threads_hazard_ptr=0x000001ae80ce1890

Stack: [0x000000495e800000,0x000000495e900000],  sp=0x000000495e8feaf0,  free space=1018k
Native frames: (J=compiled Java code, j=interpreted, Vv=VM code, C=native code)
V  [jvm.dll+0x206721]
V  [jvm.dll+0x2ef320]
V  [jvm.dll+0x2f1015]
V  [jvm.dll+0x2f190e]
V  [jvm.dll+0x2ef1ac]
V  [jvm.dll+0x2ee3e2]
V  [jvm.dll+0x5e7525]
V  [jvm.dll+0x5e72ad]
V  [jvm.dll+0x5af2b3]
V  [jvm.dll+0x7394bf]
V  [jvm.dll+0x4bee71]
V  [jvm.dll+0x748a5b]
V  [jvm.dll+0x4a54fe]
V  [jvm.dll+0x46ee8b]
C  [jdwp.dll+0x751f]


siginfo: EXCEPTION_ACCESS_VIOLATION (0xc0000005), reading address 0x000001ae804e6602


Register to memory mapping:

RIP=0x00007ff9d90d6721 jvm.dll
RAX=0x000000000000ffe3 is an unknown value
RBX=0x000001ae804666a8 is pointing into metadata
RCX=0x000001ae804a41d8 is pointing into metadata
RDX=0x000000000000ffe3 is an unknown value
RSP=0x000000495e8feaf0 is pointing into the stack for thread: 0x000001aeffcc9000
RBP=0x000000495e8ff090 is pointing into the stack for thread: 0x000001aeffcc9000
RSI=0x000000495e8ff200 is pointing into the stack for thread: 0x000001aeffcc9000
RDI=0x000000495e8ff200 is pointing into the stack for thread: 0x000001aeffcc9000
R8 =0x0 is NULL
R9 =0x000001ae804666a8 is pointing into metadata
R10=0x00007ff9d8ed0000 jvm.dll
R11=0x000000495e8fefb0 is pointing into the stack for thread: 0x000001aeffcc9000
R12=0x000001aede9e30e8 points into unknown readable memory: 00 71 9e de 11 01 00 00
R13=0x00000000000003e8 is an unknown value
R14=0x000001ae804673b0 is pointing into metadata
R15=0x0000000000000135 is an unknown value


Registers:
RAX=0x000000000000ffe3, RBX=0x000001ae804666a8, RCX=0x000001ae804a41d8, RDX=0x000000000000ffe3
RSP=0x000000495e8feaf0, RBP=0x000000495e8ff090, RSI=0x000000495e8ff200, RDI=0x000000495e8ff200
R8 =0x0000000000000000, R9 =0x000001ae804666a8, R10=0x00007ff9d8ed0000, R11=0x000000495e8fefb0
R12=0x000001aede9e30e8, R13=0x00000000000003e8, R14=0x000001ae804673b0, R15=0x0000000000000135
RIP=0x00007ff9d90d6721, EFLAGS=0x0000000000010206

Top of Stack: (sp=0x000000495e8feaf0)
0x000000495e8feaf0:   000000495e8feb50 0000000000000000
0x000000495e8feb00:   0000000000000000 0000000000000000
0x000000495e8feb10:   0000000000000000 00007ff9d91bf320
0x000000495e8feb20:   0000000000000000 000000495e8ff200
0x000000495e8feb30:   0000000000000000 0000000000000000
0x000000495e8feb40:   0000000000000000 0000000000000000
0x000000495e8feb50:   00007ff9d9725730 000001aeffe262f0
0x000000495e8feb60:   0000000000000020 0000000000000004
0x000000495e8feb70:   000000495e8feb90 0000000000000003
0x000000495e8feb80:   000000002fffffff 0000000000000000
0x000000495e8feb90:   4fffffff4fffffff 000000004fffffff
0x000000495e8feba0:   0000000000000000 0000000000000000
0x000000495e8febb0:   0000000000000000 0000000000000000
0x000000495e8febc0:   0000000000000000 0000000000000000
0x000000495e8febd0:   0000000000000000 0000000000000000
0x000000495e8febe0:   0000000000000000 0000000000000000 

Instructions: (pc=0x00007ff9d90d6721)
0x00007ff9d90d6621:   40 84 f6 75 18 48 8b 4f 10 48 85 c9 74 0f 48 8d
0x00007ff9d90d6631:   43 01 48 c1 e0 05 48 8b 04 08 0f b7 d8 48 8b 74
0x00007ff9d90d6641:   24 38 48 63 c3 48 8b 5c 24 30 0f b7 44 c7 40 48
0x00007ff9d90d6651:   83 c4 20 5f c3 cc cc cc cc cc cc cc cc cc cc 4c
0x00007ff9d90d6661:   8b c9 45 84 c0 75 42 48 8b 49 10 48 85 c9 74 39
0x00007ff9d90d6671:   85 d2 79 1a f7 d2 48 63 c2 48 ff c0 48 c1 e0 05
0x00007ff9d90d6681:   48 8b 04 08 0f b7 c8 41 0f b7 44 c9 42 c3 48 63
0x00007ff9d90d6691:   c2 48 ff c0 48 c1 e0 05 48 8b 04 08 0f b7 d0 48
0x00007ff9d90d66a1:   63 c2 41 0f b7 44 c1 42 c3 49 8b 41 08 4c 63 c2
0x00007ff9d90d66b1:   42 0f b6 44 00 04 8d 48 ef 80 f9 01 76 0e 3c 6a
0x00007ff9d90d66c1:   74 0a 48 63 c2 41 0f b7 44 c1 42 c3 43 0f b7 44
0x00007ff9d90d66d1:   c1 42 c3 cc cc cc cc cc cc cc cc cc cc cc cc 40
0x00007ff9d90d66e1:   53 48 83 ec 20 48 8b d9 e8 72 ff ff ff 48 63 d0
0x00007ff9d90d66f1:   0f b7 44 d3 40 48 8b 44 c3 40 48 83 c4 20 5b c3
0x00007ff9d90d6701:   cc cc cc cc cc cc cc cc cc cc cc cc cc cc cc 40
0x00007ff9d90d6711:   53 48 83 ec 20 48 8b d9 e8 42 ff ff ff 48 63 d0
0x00007ff9d90d6721:   0f b7 44 d3 42 48 8b 44 c3 40 48 83 c4 20 5b c3
0x00007ff9d90d6731:   cc cc cc cc cc cc cc cc cc cc cc cc cc cc cc 4c
0x00007ff9d90d6741:   8b d1 45 84 c9 75 23 4c 8b 49 10 4d 85 c9 74 1a
0x00007ff9d90d6751:   45 85 c0 79 03 41 f7 d0 49 63 c0 48 ff c0 48 c1
0x00007ff9d90d6761:   e0 05 4a 8b 04 08 44 0f b7 c0 49 8b 42 08 49 63
0x00007ff9d90d6771:   c8 0f b6 4c 08 04 48 8b c2 88 0a c3 cc cc cc 40
0x00007ff9d90d6781:   56 57 41 54 41 56 41 57 48 83 ec 20 45 8b 30 49
0x00007ff9d90d6791:   8b f0 49 63 f9 4c 8b e2 4c 8b f9 45 85 f6 0f 8e
0x00007ff9d90d67a1:   20 01 00 00 48 89 5c 24 50 33 db 48 89 6c 24 58
0x00007ff9d90d67b1:   48 8b 6c 24 70 45 85 c9 7e 77 8d 47 ff 44 8b cb
0x00007ff9d90d67c1:   85 c0 44 8d 43 03 49 8b cc 44 0f 4f c8 49 63 c1
0x00007ff9d90d67d1:   4c 8b cd 48 8d 04 45 0f 00 00 00 48 c1 e8 03 48
0x00007ff9d90d67e1:   63 d0 e8 b8 a6 39 00 48 8b d0 48 85 c0 74 04 89
0x00007ff9d90d67f1:   38 eb 03 48 8b d3 48 39 5d 08 0f 85 ba 00 00 00
0x00007ff9d90d6801:   85 ff 7e 25 4c 8b c3 4c 8d 4a 04 0f 1f 40 00 48
0x00007ff9d90d6811:   8b 46 18 4d 8d 49 02 42 0f b7 0c 80 49 ff c0 66 


Stack slot to memory mapping:
stack at sp + 0 slots: 0x000000495e8feb50 is pointing into the stack for thread: 0x000001aeffcc9000
stack at sp + 1 slots: 0x0 is NULL
stack at sp + 2 slots: 0x0 is NULL
stack at sp + 3 slots: 0x0 is NULL
stack at sp + 4 slots: 0x0 is NULL
stack at sp + 5 slots: 0x00007ff9d91bf320 jvm.dll
stack at sp + 6 slots: 0x0 is NULL
stack at sp + 7 slots: 0x000000495e8ff200 is pointing into the stack for thread: 0x000001aeffcc9000


---------------  P R O C E S S  ---------------

Threads class SMR info:
_java_thread_list=0x000001ae80ce1890, length=15, elements={
0x000001aede9df000, 0x000001aeff958000, 0x000001aeff95b000, 0x000001aeff973800,
0x000001aeff977800, 0x000001aeff979800, 0x000001aeff97d800, 0x000001aeff98a000,
0x000001aeff98d800, 0x000001aeff93d000, 0x000001aeffcc9000, 0x000001aeffcc9800,
0x000001aeffcca800, 0x000001ae80b96000, 0x000001aeffe1b800
}

Java Threads: ( => current thread )
  0x000001aede9df000 JavaThread "main" [_thread_blocked, id=4228, stack(0x000000495d700000,0x000000495d800000)]
  0x000001aeff958000 JavaThread "Reference Handler" daemon [_thread_blocked, id=22708, stack(0x000000495de00000,0x000000495df00000)]
  0x000001aeff95b000 JavaThread "Finalizer" daemon [_thread_blocked, id=5196, stack(0x000000495df00000,0x000000495e000000)]
  0x000001aeff973800 JavaThread "Signal Dispatcher" daemon [_thread_blocked, id=12240, stack(0x000000495e000000,0x000000495e100000)]
  0x000001aeff977800 JavaThread "Attach Listener" daemon [_thread_blocked, id=15876, stack(0x000000495e100000,0x000000495e200000)]
  0x000001aeff979800 JavaThread "Service Thread" daemon [_thread_blocked, id=7556, stack(0x000000495e200000,0x000000495e300000)]
  0x000001aeff97d800 JavaThread "C2 CompilerThread0" daemon [_thread_blocked, id=19084, stack(0x000000495e300000,0x000000495e400000)]
  0x000001aeff98a000 JavaThread "C1 CompilerThread0" daemon [_thread_blocked, id=5968, stack(0x000000495e400000,0x000000495e500000)]
  0x000001aeff98d800 JavaThread "Sweeper thread" daemon [_thread_blocked, id=19620, stack(0x000000495e500000,0x000000495e600000)]
  0x000001aeff93d000 JavaThread "Common-Cleaner" daemon [_thread_blocked, id=16572, stack(0x000000495e600000,0x000000495e700000)]
=>0x000001aeffcc9000 JavaThread "JDWP Transport Listener: dt_socket" daemon [_thread_in_vm, id=24592, stack(0x000000495e800000,0x000000495e900000)]
  0x000001aeffcc9800 JavaThread "JDWP Event Helper Thread" daemon [_thread_blocked, id=7444, stack(0x000000495e900000,0x000000495ea00000)]
  0x000001aeffcca800 JavaThread "JDWP Command Reader" daemon [_thread_in_native, id=16588, stack(0x000000495ea00000,0x000000495eb00000)]
  0x000001ae80b96000 JavaThread "Notification Thread" daemon [_thread_blocked, id=26700, stack(0x000000495eb00000,0x000000495ec00000)]
  0x000001aeffe1b800 JavaThread "ReaderThread" [_thread_in_native, id=20284, stack(0x000000495ed00000,0x000000495ee00000)]

Other Threads:
  0x000001aeff955800 VMThread "VM Thread" [stack: 0x000000495dd00000,0x000000495de00000] [id=22404]
  0x000001ae80b7a800 WatcherThread [stack: 0x000000495ec00000,0x000000495ed00000] [id=25024]
  0x000001aedea23800 GCTaskThread "GC Thread#0" [stack: 0x000000495d800000,0x000000495d900000] [id=23780]
  0x000001aedea34800 ConcurrentGCThread "G1 Main Marker" [stack: 0x000000495d900000,0x000000495da00000] [id=5608]
  0x000001aedea36800 ConcurrentGCThread "G1 Conc#0" [stack: 0x000000495da00000,0x000000495db00000] [id=26436]
  0x000001aedeaae000 ConcurrentGCThread "G1 Refine#0" [stack: 0x000000495db00000,0x000000495dc00000] [id=14584]
  0x000001aeff7c7800 ConcurrentGCThread "G1 Young RemSet Sampling" [stack: 0x000000495dc00000,0x000000495dd00000] [id=24796]

Threads with active compile tasks:

VM state:not at safepoint (normal execution)

VM Mutex/Monitor currently owned by a thread: None

Heap address: 0x0000000082000000, size: 2016 MB, Compressed Oops mode: 32-bit
Narrow klass base: 0x0000000800000000, Narrow klass shift: 3
Compressed class space size: 1073741824 Address: 0x0000000800b30000

Heap:
 garbage-first heap   total 129024K, used 9216K [0x0000000082000000, 0x0000000100000000)
  region size 1024K, 10 young (10240K), 0 survivors (0K)
 Metaspace       used 4499K, capacity 5318K, committed 5504K, reserved 1056768K
  class space    used 459K, capacity 554K, committed 640K, reserved 1048576K
Heap Regions: E=young(eden), S=young(survivor), O=old, HS=humongous(starts), HC=humongous(continues), CS=collection set, F=free, OA=open archive, CA=closed archive, TAMS=top-at-mark-start (previous, next)
|   0|0x0000000082000000, 0x0000000082000000, 0x0000000082100000|  0%| F|  |TAMS 0x0000000082000000, 0x0000000082000000| Untracked 
|   1|0x0000000082100000, 0x0000000082100000, 0x0000000082200000|  0%| F|  |TAMS 0x0000000082100000, 0x0000000082100000| Untracked 
|   2|0x0000000082200000, 0x0000000082200000, 0x0000000082300000|  0%| F|  |TAMS 0x0000000082200000, 0x0000000082200000| Untracked 
|   3|0x0000000082300000, 0x0000000082300000, 0x0000000082400000|  0%| F|  |TAMS 0x0000000082300000, 0x0000000082300000| Untracked 
|   4|0x0000000082400000, 0x0000000082400000, 0x0000000082500000|  0%| F|  |TAMS 0x0000000082400000, 0x0000000082400000| Untracked 
|   5|0x0000000082500000, 0x0000000082500000, 0x0000000082600000|  0%| F|  |TAMS 0x0000000082500000, 0x0000000082500000| Untracked 
|   6|0x0000000082600000, 0x0000000082600000, 0x0000000082700000|  0%| F|  |TAMS 0x0000000082600000, 0x0000000082600000| Untracked 
|   7|0x0000000082700000, 0x0000000082700000, 0x0000000082800000|  0%| F|  |TAMS 0x0000000082700000, 0x0000000082700000| Untracked 
|   8|0x0000000082800000, 0x0000000082800000, 0x0000000082900000|  0%| F|  |TAMS 0x0000000082800000, 0x0000000082800000| Untracked 
|   9|0x0000000082900000, 0x0000000082900000, 0x0000000082a00000|  0%| F|  |TAMS 0x0000000082900000, 0x0000000082900000| Untracked 
|  10|0x0000000082a00000, 0x0000000082a00000, 0x0000000082b00000|  0%| F|  |TAMS 0x0000000082a00000, 0x0000000082a00000| Untracked 
|  11|0x0000000082b00000, 0x0000000082b00000, 0x0000000082c00000|  0%| F|  |TAMS 0x0000000082b00000, 0x0000000082b00000| Untracked 
|  12|0x0000000082c00000, 0x0000000082c00000, 0x0000000082d00000|  0%| F|  |TAMS 0x0000000082c00000, 0x0000000082c00000| Untracked 
|  13|0x0000000082d00000, 0x0000000082d00000, 0x0000000082e00000|  0%| F|  |TAMS 0x0000000082d00000, 0x0000000082d00000| Untracked 
|  14|0x0000000082e00000, 0x0000000082e00000, 0x0000000082f00000|  0%| F|  |TAMS 0x0000000082e00000, 0x0000000082e00000| Untracked 
|  15|0x0000000082f00000, 0x0000000082f00000, 0x0000000083000000|  0%| F|  |TAMS 0x0000000082f00000, 0x0000000082f00000| Untracked 
|  16|0x0000000083000000, 0x0000000083000000, 0x0000000083100000|  0%| F|  |TAMS 0x0000000083000000, 0x0000000083000000| Untracked 
|  17|0x0000000083100000, 0x0000000083100000, 0x0000000083200000|  0%| F|  |TAMS 0x0000000083100000, 0x0000000083100000| Untracked 
|  18|0x0000000083200000, 0x0000000083200000, 0x0000000083300000|  0%| F|  |TAMS 0x0000000083200000, 0x0000000083200000| Untracked 
|  19|0x0000000083300000, 0x0000000083300000, 0x0000000083400000|  0%| F|  |TAMS 0x0000000083300000, 0x0000000083300000| Untracked 
|  20|0x0000000083400000, 0x0000000083400000, 0x0000000083500000|  0%| F|  |TAMS 0x0000000083400000, 0x0000000083400000| Untracked 
|  21|0x0000000083500000, 0x0000000083500000, 0x0000000083600000|  0%| F|  |TAMS 0x0000000083500000, 0x0000000083500000| Untracked 
|  22|0x0000000083600000, 0x0000000083600000, 0x0000000083700000|  0%| F|  |TAMS 0x0000000083600000, 0x0000000083600000| Untracked 
|  23|0x0000000083700000, 0x0000000083700000, 0x0000000083800000|  0%| F|  |TAMS 0x0000000083700000, 0x0000000083700000| Untracked 
|  24|0x0000000083800000, 0x0000000083800000, 0x0000000083900000|  0%| F|  |TAMS 0x0000000083800000, 0x0000000083800000| Untracked 
|  25|0x0000000083900000, 0x0000000083900000, 0x0000000083a00000|  0%| F|  |TAMS 0x0000000083900000, 0x0000000083900000| Untracked 
|  26|0x0000000083a00000, 0x0000000083a00000, 0x0000000083b00000|  0%| F|  |TAMS 0x0000000083a00000, 0x0000000083a00000| Untracked 
|  27|0x0000000083b00000, 0x0000000083b00000, 0x0000000083c00000|  0%| F|  |TAMS 0x0000000083b00000, 0x0000000083b00000| Untracked 
|  28|0x0000000083c00000, 0x0000000083c00000, 0x0000000083d00000|  0%| F|  |TAMS 0x0000000083c00000, 0x0000000083c00000| Untracked 
|  29|0x0000000083d00000, 0x0000000083d00000, 0x0000000083e00000|  0%| F|  |TAMS 0x0000000083d00000, 0x0000000083d00000| Untracked 
|  30|0x0000000083e00000, 0x0000000083e00000, 0x0000000083f00000|  0%| F|  |TAMS 0x0000000083e00000, 0x0000000083e00000| Untracked 
|  31|0x0000000083f00000, 0x0000000083f00000, 0x0000000084000000|  0%| F|  |TAMS 0x0000000083f00000, 0x0000000083f00000| Untracked 
|  32|0x0000000084000000, 0x0000000084000000, 0x0000000084100000|  0%| F|  |TAMS 0x0000000084000000, 0x0000000084000000| Untracked 
|  33|0x0000000084100000, 0x0000000084100000, 0x0000000084200000|  0%| F|  |TAMS 0x0000000084100000, 0x0000000084100000| Untracked 
|  34|0x0000000084200000, 0x0000000084200000, 0x0000000084300000|  0%| F|  |TAMS 0x0000000084200000, 0x0000000084200000| Untracked 
|  35|0x0000000084300000, 0x0000000084300000, 0x0000000084400000|  0%| F|  |TAMS 0x0000000084300000, 0x0000000084300000| Untracked 
|  36|0x0000000084400000, 0x0000000084400000, 0x0000000084500000|  0%| F|  |TAMS 0x0000000084400000, 0x0000000084400000| Untracked 
|  37|0x0000000084500000, 0x0000000084500000, 0x0000000084600000|  0%| F|  |TAMS 0x0000000084500000, 0x0000000084500000| Untracked 
|  38|0x0000000084600000, 0x0000000084600000, 0x0000000084700000|  0%| F|  |TAMS 0x0000000084600000, 0x0000000084600000| Untracked 
|  39|0x0000000084700000, 0x0000000084700000, 0x0000000084800000|  0%| F|  |TAMS 0x0000000084700000, 0x0000000084700000| Untracked 
|  40|0x0000000084800000, 0x0000000084800000, 0x0000000084900000|  0%| F|  |TAMS 0x0000000084800000, 0x0000000084800000| Untracked 
|  41|0x0000000084900000, 0x0000000084900000, 0x0000000084a00000|  0%| F|  |TAMS 0x0000000084900000, 0x0000000084900000| Untracked 
|  42|0x0000000084a00000, 0x0000000084a00000, 0x0000000084b00000|  0%| F|  |TAMS 0x0000000084a00000, 0x0000000084a00000| Untracked 
|  43|0x0000000084b00000, 0x0000000084b00000, 0x0000000084c00000|  0%| F|  |TAMS 0x0000000084b00000, 0x0000000084b00000| Untracked 
|  44|0x0000000084c00000, 0x0000000084c00000, 0x0000000084d00000|  0%| F|  |TAMS 0x0000000084c00000, 0x0000000084c00000| Untracked 
|  45|0x0000000084d00000, 0x0000000084d00000, 0x0000000084e00000|  0%| F|  |TAMS 0x0000000084d00000, 0x0000000084d00000| Untracked 
|  46|0x0000000084e00000, 0x0000000084e00000, 0x0000000084f00000|  0%| F|  |TAMS 0x0000000084e00000, 0x0000000084e00000| Untracked 
|  47|0x0000000084f00000, 0x0000000084f00000, 0x0000000085000000|  0%| F|  |TAMS 0x0000000084f00000, 0x0000000084f00000| Untracked 
|  48|0x0000000085000000, 0x0000000085000000, 0x0000000085100000|  0%| F|  |TAMS 0x0000000085000000, 0x0000000085000000| Untracked 
|  49|0x0000000085100000, 0x0000000085100000, 0x0000000085200000|  0%| F|  |TAMS 0x0000000085100000, 0x0000000085100000| Untracked 
|  50|0x0000000085200000, 0x0000000085200000, 0x0000000085300000|  0%| F|  |TAMS 0x0000000085200000, 0x0000000085200000| Untracked 
|  51|0x0000000085300000, 0x0000000085300000, 0x0000000085400000|  0%| F|  |TAMS 0x0000000085300000, 0x0000000085300000| Untracked 
|  52|0x0000000085400000, 0x0000000085400000, 0x0000000085500000|  0%| F|  |TAMS 0x0000000085400000, 0x0000000085400000| Untracked 
|  53|0x0000000085500000, 0x0000000085500000, 0x0000000085600000|  0%| F|  |TAMS 0x0000000085500000, 0x0000000085500000| Untracked 
|  54|0x0000000085600000, 0x0000000085600000, 0x0000000085700000|  0%| F|  |TAMS 0x0000000085600000, 0x0000000085600000| Untracked 
|  55|0x0000000085700000, 0x0000000085700000, 0x0000000085800000|  0%| F|  |TAMS 0x0000000085700000, 0x0000000085700000| Untracked 
|  56|0x0000000085800000, 0x0000000085800000, 0x0000000085900000|  0%| F|  |TAMS 0x0000000085800000, 0x0000000085800000| Untracked 
|  57|0x0000000085900000, 0x0000000085900000, 0x0000000085a00000|  0%| F|  |TAMS 0x0000000085900000, 0x0000000085900000| Untracked 
|  58|0x0000000085a00000, 0x0000000085a00000, 0x0000000085b00000|  0%| F|  |TAMS 0x0000000085a00000, 0x0000000085a00000| Untracked 
|  59|0x0000000085b00000, 0x0000000085b00000, 0x0000000085c00000|  0%| F|  |TAMS 0x0000000085b00000, 0x0000000085b00000| Untracked 
|  60|0x0000000085c00000, 0x0000000085c00000, 0x0000000085d00000|  0%| F|  |TAMS 0x0000000085c00000, 0x0000000085c00000| Untracked 
|  61|0x0000000085d00000, 0x0000000085d00000, 0x0000000085e00000|  0%| F|  |TAMS 0x0000000085d00000, 0x0000000085d00000| Untracked 
|  62|0x0000000085e00000, 0x0000000085e00000, 0x0000000085f00000|  0%| F|  |TAMS 0x0000000085e00000, 0x0000000085e00000| Untracked 
|  63|0x0000000085f00000, 0x0000000085f00000, 0x0000000086000000|  0%| F|  |TAMS 0x0000000085f00000, 0x0000000085f00000| Untracked 
|  64|0x0000000086000000, 0x0000000086000000, 0x0000000086100000|  0%| F|  |TAMS 0x0000000086000000, 0x0000000086000000| Untracked 
|  65|0x0000000086100000, 0x0000000086100000, 0x0000000086200000|  0%| F|  |TAMS 0x0000000086100000, 0x0000000086100000| Untracked 
|  66|0x0000000086200000, 0x0000000086200000, 0x0000000086300000|  0%| F|  |TAMS 0x0000000086200000, 0x0000000086200000| Untracked 
|  67|0x0000000086300000, 0x0000000086300000, 0x0000000086400000|  0%| F|  |TAMS 0x0000000086300000, 0x0000000086300000| Untracked 
|  68|0x0000000086400000, 0x0000000086400000, 0x0000000086500000|  0%| F|  |TAMS 0x0000000086400000, 0x0000000086400000| Untracked 
|  69|0x0000000086500000, 0x0000000086500000, 0x0000000086600000|  0%| F|  |TAMS 0x0000000086500000, 0x0000000086500000| Untracked 
|  70|0x0000000086600000, 0x0000000086600000, 0x0000000086700000|  0%| F|  |TAMS 0x0000000086600000, 0x0000000086600000| Untracked 
|  71|0x0000000086700000, 0x0000000086700000, 0x0000000086800000|  0%| F|  |TAMS 0x0000000086700000, 0x0000000086700000| Untracked 
|  72|0x0000000086800000, 0x0000000086800000, 0x0000000086900000|  0%| F|  |TAMS 0x0000000086800000, 0x0000000086800000| Untracked 
|  73|0x0000000086900000, 0x0000000086900000, 0x0000000086a00000|  0%| F|  |TAMS 0x0000000086900000, 0x0000000086900000| Untracked 
|  74|0x0000000086a00000, 0x0000000086a00000, 0x0000000086b00000|  0%| F|  |TAMS 0x0000000086a00000, 0x0000000086a00000| Untracked 
|  75|0x0000000086b00000, 0x0000000086b00000, 0x0000000086c00000|  0%| F|  |TAMS 0x0000000086b00000, 0x0000000086b00000| Untracked 
|  76|0x0000000086c00000, 0x0000000086c00000, 0x0000000086d00000|  0%| F|  |TAMS 0x0000000086c00000, 0x0000000086c00000| Untracked 
|  77|0x0000000086d00000, 0x0000000086d00000, 0x0000000086e00000|  0%| F|  |TAMS 0x0000000086d00000, 0x0000000086d00000| Untracked 
|  78|0x0000000086e00000, 0x0000000086e00000, 0x0000000086f00000|  0%| F|  |TAMS 0x0000000086e00000, 0x0000000086e00000| Untracked 
|  79|0x0000000086f00000, 0x0000000086f00000, 0x0000000087000000|  0%| F|  |TAMS 0x0000000086f00000, 0x0000000086f00000| Untracked 
|  80|0x0000000087000000, 0x0000000087000000, 0x0000000087100000|  0%| F|  |TAMS 0x0000000087000000, 0x0000000087000000| Untracked 
|  81|0x0000000087100000, 0x0000000087100000, 0x0000000087200000|  0%| F|  |TAMS 0x0000000087100000, 0x0000000087100000| Untracked 
|  82|0x0000000087200000, 0x0000000087200000, 0x0000000087300000|  0%| F|  |TAMS 0x0000000087200000, 0x0000000087200000| Untracked 
|  83|0x0000000087300000, 0x0000000087300000, 0x0000000087400000|  0%| F|  |TAMS 0x0000000087300000, 0x0000000087300000| Untracked 
|  84|0x0000000087400000, 0x0000000087400000, 0x0000000087500000|  0%| F|  |TAMS 0x0000000087400000, 0x0000000087400000| Untracked 
|  85|0x0000000087500000, 0x0000000087500000, 0x0000000087600000|  0%| F|  |TAMS 0x0000000087500000, 0x0000000087500000| Untracked 
|  86|0x0000000087600000, 0x0000000087600000, 0x0000000087700000|  0%| F|  |TAMS 0x0000000087600000, 0x0000000087600000| Untracked 
|  87|0x0000000087700000, 0x0000000087700000, 0x0000000087800000|  0%| F|  |TAMS 0x0000000087700000, 0x0000000087700000| Untracked 
|  88|0x0000000087800000, 0x0000000087800000, 0x0000000087900000|  0%| F|  |TAMS 0x0000000087800000, 0x0000000087800000| Untracked 
|  89|0x0000000087900000, 0x0000000087900000, 0x0000000087a00000|  0%| F|  |TAMS 0x0000000087900000, 0x0000000087900000| Untracked 
|  90|0x0000000087a00000, 0x0000000087a00000, 0x0000000087b00000|  0%| F|  |TAMS 0x0000000087a00000, 0x0000000087a00000| Untracked 
|  91|0x0000000087b00000, 0x0000000087b00000, 0x0000000087c00000|  0%| F|  |TAMS 0x0000000087b00000, 0x0000000087b00000| Untracked 
|  92|0x0000000087c00000, 0x0000000087c00000, 0x0000000087d00000|  0%| F|  |TAMS 0x0000000087c00000, 0x0000000087c00000| Untracked 
|  93|0x0000000087d00000, 0x0000000087d00000, 0x0000000087e00000|  0%| F|  |TAMS 0x0000000087d00000, 0x0000000087d00000| Untracked 
|  94|0x0000000087e00000, 0x0000000087e00000, 0x0000000087f00000|  0%| F|  |TAMS 0x0000000087e00000, 0x0000000087e00000| Untracked 
|  95|0x0000000087f00000, 0x0000000087f00000, 0x0000000088000000|  0%| F|  |TAMS 0x0000000087f00000, 0x0000000087f00000| Untracked 
|  96|0x0000000088000000, 0x0000000088000000, 0x0000000088100000|  0%| F|  |TAMS 0x0000000088000000, 0x0000000088000000| Untracked 
|  97|0x0000000088100000, 0x0000000088100000, 0x0000000088200000|  0%| F|  |TAMS 0x0000000088100000, 0x0000000088100000| Untracked 
|  98|0x0000000088200000, 0x0000000088200000, 0x0000000088300000|  0%| F|  |TAMS 0x0000000088200000, 0x0000000088200000| Untracked 
|  99|0x0000000088300000, 0x0000000088300000, 0x0000000088400000|  0%| F|  |TAMS 0x0000000088300000, 0x0000000088300000| Untracked 
| 100|0x0000000088400000, 0x0000000088400000, 0x0000000088500000|  0%| F|  |TAMS 0x0000000088400000, 0x0000000088400000| Untracked 
| 101|0x0000000088500000, 0x0000000088500000, 0x0000000088600000|  0%| F|  |TAMS 0x0000000088500000, 0x0000000088500000| Untracked 
| 102|0x0000000088600000, 0x0000000088600000, 0x0000000088700000|  0%| F|  |TAMS 0x0000000088600000, 0x0000000088600000| Untracked 
| 103|0x0000000088700000, 0x0000000088700000, 0x0000000088800000|  0%| F|  |TAMS 0x0000000088700000, 0x0000000088700000| Untracked 
| 104|0x0000000088800000, 0x0000000088800000, 0x0000000088900000|  0%| F|  |TAMS 0x0000000088800000, 0x0000000088800000| Untracked 
| 105|0x0000000088900000, 0x0000000088900000, 0x0000000088a00000|  0%| F|  |TAMS 0x0000000088900000, 0x0000000088900000| Untracked 
| 106|0x0000000088a00000, 0x0000000088a00000, 0x0000000088b00000|  0%| F|  |TAMS 0x0000000088a00000, 0x0000000088a00000| Untracked 
| 107|0x0000000088b00000, 0x0000000088b00000, 0x0000000088c00000|  0%| F|  |TAMS 0x0000000088b00000, 0x0000000088b00000| Untracked 
| 108|0x0000000088c00000, 0x0000000088c00000, 0x0000000088d00000|  0%| F|  |TAMS 0x0000000088c00000, 0x0000000088c00000| Untracked 
| 109|0x0000000088d00000, 0x0000000088d00000, 0x0000000088e00000|  0%| F|  |TAMS 0x0000000088d00000, 0x0000000088d00000| Untracked 
| 110|0x0000000088e00000, 0x0000000088e00000, 0x0000000088f00000|  0%| F|  |TAMS 0x0000000088e00000, 0x0000000088e00000| Untracked 
| 111|0x0000000088f00000, 0x0000000088f00000, 0x0000000089000000|  0%| F|  |TAMS 0x0000000088f00000, 0x0000000088f00000| Untracked 
| 112|0x0000000089000000, 0x0000000089000000, 0x0000000089100000|  0%| F|  |TAMS 0x0000000089000000, 0x0000000089000000| Untracked 
| 113|0x0000000089100000, 0x0000000089100000, 0x0000000089200000|  0%| F|  |TAMS 0x0000000089100000, 0x0000000089100000| Untracked 
| 114|0x0000000089200000, 0x0000000089200000, 0x0000000089300000|  0%| F|  |TAMS 0x0000000089200000, 0x0000000089200000| Untracked 
| 115|0x0000000089300000, 0x0000000089300000, 0x0000000089400000|  0%| F|  |TAMS 0x0000000089300000, 0x0000000089300000| Untracked 
| 116|0x0000000089400000, 0x0000000089476488, 0x0000000089500000| 46%| E|  |TAMS 0x0000000089400000, 0x0000000089400000| Complete 
| 117|0x0000000089500000, 0x0000000089600000, 0x0000000089600000|100%| E|CS|TAMS 0x0000000089500000, 0x0000000089500000| Complete 
| 118|0x0000000089600000, 0x0000000089700000, 0x0000000089700000|100%| E|CS|TAMS 0x0000000089600000, 0x0000000089600000| Complete 
| 119|0x0000000089700000, 0x0000000089800000, 0x0000000089800000|100%| E|CS|TAMS 0x0000000089700000, 0x0000000089700000| Complete 
| 120|0x0000000089800000, 0x0000000089900000, 0x0000000089900000|100%| E|CS|TAMS 0x0000000089800000, 0x0000000089800000| Complete 
| 121|0x0000000089900000, 0x0000000089a00000, 0x0000000089a00000|100%| E|CS|TAMS 0x0000000089900000, 0x0000000089900000| Complete 
| 122|0x0000000089a00000, 0x0000000089b00000, 0x0000000089b00000|100%| E|CS|TAMS 0x0000000089a00000, 0x0000000089a00000| Complete 
| 123|0x0000000089b00000, 0x0000000089c00000, 0x0000000089c00000|100%| E|CS|TAMS 0x0000000089b00000, 0x0000000089b00000| Complete 
| 124|0x0000000089c00000, 0x0000000089d00000, 0x0000000089d00000|100%| E|CS|TAMS 0x0000000089c00000, 0x0000000089c00000| Complete 
| 125|0x0000000089d00000, 0x0000000089e00000, 0x0000000089e00000|100%| E|CS|TAMS 0x0000000089d00000, 0x0000000089d00000| Complete 

Card table byte_map: [0x000001aef87b0000,0x000001aef8ba0000] _byte_map_base: 0x000001aef83a0000

Marking Bits (Prev, Next): (CMBitMap*) 0x000001aedea24068, (CMBitMap*) 0x000001aedea240a8
 Prev Bits: [0x000001aef8f90000, 0x000001aefaf10000)
 Next Bits: [0x000001aefaf10000, 0x000001aefce90000)

Polling page: 0x000001aedeab0000

Metaspace:

Usage:
  Non-class:      4.65 MB capacity,     3.95 MB ( 85%) used,   715.23 KB ( 15%) free+waste,     8.63 KB ( <1%) overhead. 
      Class:    554.00 KB capacity,   459.56 KB ( 83%) used,    89.94 KB ( 16%) free+waste,     4.50 KB ( <1%) overhead. 
       Both:      5.19 MB capacity,     4.39 MB ( 85%) used,   805.16 KB ( 15%) free+waste,    13.13 KB ( <1%) overhead. 

Virtual space:
  Non-class space:        8.00 MB reserved,       4.75 MB ( 59%) committed 
      Class space:        1.00 GB reserved,     640.00 KB ( <1%) committed 
             Both:        1.01 GB reserved,       5.38 MB ( <1%) committed 

Chunk freelists:
   Non-Class:  36.00 KB
       Class:  0 bytes
        Both:  36.00 KB

MaxMetaspaceSize: 17179869184.00 GB
CompressedClassSpaceSize: 1.00 GB

CodeHeap 'non-profiled nmethods': size=120000Kb used=272Kb max_used=272Kb free=119728Kb
 bounds [0x000001aef0420000, 0x000001aef0690000, 0x000001aef7950000]
CodeHeap 'profiled nmethods': size=120000Kb used=1558Kb max_used=1558Kb free=118441Kb
 bounds [0x000001aee8ef0000, 0x000001aee9160000, 0x000001aef0420000]
CodeHeap 'non-nmethods': size=5760Kb used=1249Kb max_used=1265Kb free=4510Kb
 bounds [0x000001aee8950000, 0x000001aee8bc0000, 0x000001aee8ef0000]
 total_blobs=1713 nmethods=837 adapters=329
 compilation: enabled
              stopped_count=0, restarted_count=0
 full_count=0

Compilation events (20 events):
Event: 83.786 Thread 0x000001aeff98a000  829       3       java.util.Calendar::getTimeInMillis (16 bytes)
Event: 83.786 Thread 0x000001aeff98a000 nmethod 829 0x000001aee906da10 code [0x000001aee906dbc0, 0x000001aee906de48]
Event: 83.786 Thread 0x000001aeff98a000  831       3       java.util.Calendar::setTime (9 bytes)
Event: 83.786 Thread 0x000001aeff98a000 nmethod 831 0x000001aee906df10 code [0x000001aee906e0e0, 0x000001aee906e4f8]
Event: 83.786 Thread 0x000001aeff98a000  830       1       java.text.DontCareFieldPosition::getFieldDelegate (5 bytes)
Event: 83.786 Thread 0x000001aeff98a000 nmethod 830 0x000001aef0463710 code [0x000001aef04638a0, 0x000001aef0463978]
Event: 83.786 Thread 0x000001aeff98a000  832       1       java.util.GregorianCalendar::getCalendarType (3 bytes)
Event: 83.786 Thread 0x000001aeff98a000 nmethod 832 0x000001aef0463a10 code [0x000001aef0463ba0, 0x000001aef0463c78]
Event: 83.786 Thread 0x000001aeff98a000  827       1       java.lang.Enum::toString (5 bytes)
Event: 83.786 Thread 0x000001aeff98a000 nmethod 827 0x000001aef0463d10 code [0x000001aef0463ea0, 0x000001aef0463f78]
Event: 95.669 Thread 0x000001aeff98a000  833   !   3       java.text.SimpleDateFormat::zeroPaddingNumber (270 bytes)
Event: 95.671 Thread 0x000001aeff98a000 nmethod 833 0x000001aee906e690 code [0x000001aee906ea40, 0x000001aee9070f18]
Event: 99.712 Thread 0x000001aeff98a000  834       3       java.util.Calendar::checkDisplayNameParams (67 bytes)
Event: 99.712 Thread 0x000001aeff98a000 nmethod 834 0x000001aee9071c10 code [0x000001aee9071e00, 0x000001aee9072418]
Event: 104.025 Thread 0x000001aeff98a000  835  s    3       java.lang.StringBuffer::toString (59 bytes)
Event: 104.026 Thread 0x000001aeff98a000 nmethod 835 0x000001aee9072610 code [0x000001aee9072820, 0x000001aee9073158]
Event: 112.876 Thread 0x000001aeff98a000  836       3       java.text.DateFormatSymbols::getProviderInstance (37 bytes)
Event: 112.876 Thread 0x000001aeff98a000 nmethod 836 0x000001aee9073390 code [0x000001aee90735a0, 0x000001aee9073af8]
Event: 112.876 Thread 0x000001aeff98a000  837       3       java.util.Calendar::getFieldStrings (134 bytes)
Event: 112.877 Thread 0x000001aeff98a000 nmethod 837 0x000001aee9073d10 code [0x000001aee9073fe0, 0x000001aee90752d8]

GC Heap History (0 events):
No events

Deoptimization events (18 events):
Event: 0.135 Thread 0x000001aede9df000 Uncommon trap: trap_request=0xffffff45 fr.pc=0x000001aef042db10 relative=0x0000000000000cb0
Event: 0.135 Thread 0x000001aede9df000 Uncommon trap: reason=unstable_if action=reinterpret pc=0x000001aef042db10 method=java.util.HashMap.putVal(ILjava/lang/Object;Ljava/lang/Object;ZZ)Ljava/lang/Object; @ 181 c2
Event: 0.135 Thread 0x000001aede9df000 DEOPT PACKING pc=0x000001aef042db10 sp=0x000000495d7fde30
Event: 0.135 Thread 0x000001aede9df000 DEOPT UNPACKING pc=0x000001aee899912f sp=0x000000495d7fdde0 mode 2
Event: 0.206 Thread 0x000001aede9df000 Uncommon trap: trap_request=0xffffff45 fr.pc=0x000001aef0425d8c relative=0x000000000000006c
Event: 0.206 Thread 0x000001aede9df000 Uncommon trap: reason=unstable_if action=reinterpret pc=0x000001aef0425d8c method=java.lang.String.isLatin1()Z @ 10 c2
Event: 0.206 Thread 0x000001aede9df000 DEOPT PACKING pc=0x000001aef0425d8c sp=0x000000495d7fdaf0
Event: 0.206 Thread 0x000001aede9df000 DEOPT UNPACKING pc=0x000001aee899912f sp=0x000000495d7fda90 mode 2
Event: 0.206 Thread 0x000001aede9df000 Uncommon trap: trap_request=0xffffff45 fr.pc=0x000001aef0432f64 relative=0x0000000000000044
Event: 0.206 Thread 0x000001aede9df000 Uncommon trap: reason=unstable_if action=reinterpret pc=0x000001aef0432f64 method=java.lang.CharacterData.of(I)Ljava/lang/CharacterData; @ 4 c2
Event: 0.206 Thread 0x000001aede9df000 DEOPT PACKING pc=0x000001aef0432f64 sp=0x000000495d7fd630
Event: 0.206 Thread 0x000001aede9df000 DEOPT UNPACKING pc=0x000001aee899912f sp=0x000000495d7fd5d0 mode 2
Event: 0.208 Thread 0x000001aede9df000 Uncommon trap: trap_request=0xffffff45 fr.pc=0x000001aef042e578 relative=0x0000000000000118
Event: 0.208 Thread 0x000001aede9df000 Uncommon trap: reason=unstable_if action=reinterpret pc=0x000001aef042e578 method=java.lang.String.isLatin1()Z @ 10 c2
Event: 0.208 Thread 0x000001aede9df000 DEOPT PACKING pc=0x000001aef042e578 sp=0x000000495d7feb00
Event: 0.208 Thread 0x000001aede9df000 DEOPT UNPACKING pc=0x000001aee899912f sp=0x000000495d7fea50 mode 2
Event: 0.257 Thread 0x000001aede9df000 DEOPT PACKING pc=0x000001aee8f65ef3 sp=0x000000495d7fa360
Event: 0.257 Thread 0x000001aede9df000 DEOPT UNPACKING pc=0x000001aee899964e sp=0x000000495d7f97e8 mode 0

Classes unloaded (0 events):
No events

Classes redefined (2 events):
Event: 131.258 Thread 0x000001aeff955800 redefined class name=Database.BinaryTree, count=1
Event: 345.671 Thread 0x000001aeff955800 redefined class name=Database.BinaryTree, count=2

Internal exceptions (2 events):
Event: 0.285 Thread 0x000001aede9df000 Exception <a 'java/lang/IncompatibleClassChangeError'{0x00000000898cdfd0}: Found class java.lang.Object, but interface was expected> (0x00000000898cdfd0) 
thrown [./open/src/hotspot/share/interpreter/linkResolver.cpp, line 832]
Event: 0.310 Thread 0x000001aede9df000 Exception <a 'java/lang/NoSuchMethodError'{0x00000000897676f0}: 'int java.lang.invoke.DirectMethodHandle$Holder.invokeSpecialIFC(java.lang.Object, java.lang.Object, int)'> (0x00000000897676f0) 
thrown [./open/src/hotspot/share/interpreter/linkResolver.cpp, line 766]

Events (20 events):
Event: 345.679 Executing VM operation: ChangeBreakpoints
Event: 345.679 Executing VM operation: ChangeBreakpoints done
Event: 345.680 Executing VM operation: GetFrameCount
Event: 345.680 Executing VM operation: GetFrameCount done
Event: 345.680 Executing VM operation: GetStackTrace
Event: 345.680 Executing VM operation: GetStackTrace done
Event: 345.681 Executing VM operation: GetFrameCount
Event: 345.681 Executing VM operation: GetFrameCount done
Event: 345.681 Executing VM operation: SetFramePop
Event: 345.681 Executing nested VM operation: EnterInterpOnlyMode
Event: 345.681 Executing nested VM operation: EnterInterpOnlyMode done
Event: 345.681 Executing VM operation: SetFramePop done
Event: 345.681 Executing VM operation: GetFrameLocation
Event: 345.681 Executing VM operation: GetFrameLocation done
Event: 345.681 Executing VM operation: GetCurrentLocation
Event: 345.681 Executing VM operation: GetCurrentLocation done
Event: 345.681 Executing VM operation: ChangeSingleStep
Event: 345.681 Executing VM operation: ChangeSingleStep done
Event: 345.681 Executing VM operation: GetFrameLocation
Event: 345.682 Executing VM operation: GetFrameLocation done


Dynamic libraries:
0x00007ff6a5aa0000 - 0x00007ff6a5aad000 	C:\Program Files\Java\jdk-14.0.1\bin\javaw.exe
0x00007ffa53b80000 - 0x00007ffa53d70000 	C:\WINDOWS\SYSTEM32\ntdll.dll
0x00007ffa52390000 - 0x00007ffa52442000 	C:\WINDOWS\System32\KERNEL32.DLL
0x00007ffa516d0000 - 0x00007ffa51974000 	C:\WINDOWS\System32\KERNELBASE.dll
0x00007ffa51980000 - 0x00007ffa51a7a000 	C:\WINDOWS\System32\ucrtbase.dll
0x00007ffa40790000 - 0x00007ffa407a8000 	C:\Program Files\Java\jdk-14.0.1\bin\jli.dll
0x00007ffa4ab20000 - 0x00007ffa4ab35000 	C:\Program Files\Java\jdk-14.0.1\bin\VCRUNTIME140.dll
0x00007ffa53130000 - 0x00007ffa532c4000 	C:\WINDOWS\System32\USER32.dll
0x00007ffa516a0000 - 0x00007ffa516c1000 	C:\WINDOWS\System32\win32u.dll
0x00007ffa52200000 - 0x00007ffa52226000 	C:\WINDOWS\System32\GDI32.dll
0x00007ffa41ea0000 - 0x00007ffa42124000 	C:\WINDOWS\WinSxS\amd64_microsoft.windows.common-controls_6595b64144ccf1df_6.0.18362.836_none_e6c4b943130f18ed\COMCTL32.dll
0x00007ffa50b10000 - 0x00007ffa50ca4000 	C:\WINDOWS\System32\gdi32full.dll
0x00007ffa522e0000 - 0x00007ffa5237e000 	C:\WINDOWS\System32\msvcrt.dll
0x00007ffa514e0000 - 0x00007ffa5157e000 	C:\WINDOWS\System32\msvcp_win.dll
0x00007ffa51cf0000 - 0x00007ffa52026000 	C:\WINDOWS\System32\combase.dll
0x00007ffa53480000 - 0x00007ffa535a0000 	C:\WINDOWS\System32\RPCRT4.dll
0x00007ffa50cb0000 - 0x00007ffa50d30000 	C:\WINDOWS\System32\bcryptPrimitives.dll
0x00007ffa51cb0000 - 0x00007ffa51cde000 	C:\WINDOWS\System32\IMM32.DLL
0x00007ffa1bfc0000 - 0x00007ffa1c05b000 	C:\Program Files\Java\jdk-14.0.1\bin\msvcp140.dll
0x00007ff9d8ed0000 - 0x00007ff9d99ee000 	C:\Program Files\Java\jdk-14.0.1\bin\server\jvm.dll
0x00007ffa532d0000 - 0x00007ffa53373000 	C:\WINDOWS\System32\ADVAPI32.dll
0x00007ffa53380000 - 0x00007ffa53417000 	C:\WINDOWS\System32\sechost.dll
0x00007ffa52180000 - 0x00007ffa52188000 	C:\WINDOWS\System32\PSAPI.DLL
0x00007ffa407b0000 - 0x00007ffa407b9000 	C:\WINDOWS\SYSTEM32\WSOCK32.dll
0x00007ffa4b6d0000 - 0x00007ffa4b6da000 	C:\WINDOWS\SYSTEM32\VERSION.dll
0x00007ffa52fb0000 - 0x00007ffa5301f000 	C:\WINDOWS\System32\WS2_32.dll
0x00007ffa4be00000 - 0x00007ffa4be24000 	C:\WINDOWS\SYSTEM32\WINMM.dll
0x00007ffa4bdd0000 - 0x00007ffa4bdfd000 	C:\WINDOWS\SYSTEM32\winmmbase.dll
0x00007ffa515a0000 - 0x00007ffa515ea000 	C:\WINDOWS\System32\cfgmgr32.dll
0x00007ffa50ac0000 - 0x00007ffa50ad1000 	C:\WINDOWS\System32\kernel.appcore.dll
0x00007ffa40400000 - 0x00007ffa4040a000 	C:\Program Files\Java\jdk-14.0.1\bin\jimage.dll
0x00007ffa4f350000 - 0x00007ffa4f544000 	C:\WINDOWS\SYSTEM32\DBGHELP.DLL
0x00007ffa378b0000 - 0x00007ffa378da000 	C:\WINDOWS\SYSTEM32\dbgcore.DLL
0x00007ffa4aaa0000 - 0x00007ffa4aad8000 	C:\Program Files\Java\jdk-14.0.1\bin\jdwp.dll
0x00007ffa37000000 - 0x00007ffa37025000 	C:\Program Files\Java\jdk-14.0.1\bin\java.dll
0x00007ffa4c070000 - 0x00007ffa4c07e000 	C:\Program Files\Java\jdk-14.0.1\bin\instrument.dll
0x00007ffa36f70000 - 0x00007ffa36f86000 	C:\Program Files\Java\jdk-14.0.1\bin\zip.dll
0x00007ffa528c0000 - 0x00007ffa52fa4000 	C:\WINDOWS\System32\SHELL32.dll
0x00007ffa53080000 - 0x00007ffa53129000 	C:\WINDOWS\System32\shcore.dll
0x00007ffa50d60000 - 0x00007ffa514de000 	C:\WINDOWS\System32\windows.storage.dll
0x00007ffa50ae0000 - 0x00007ffa50b03000 	C:\WINDOWS\System32\profapi.dll
0x00007ffa50a50000 - 0x00007ffa50a9a000 	C:\WINDOWS\System32\powrprof.dll
0x00007ffa50a40000 - 0x00007ffa50a50000 	C:\WINDOWS\System32\UMPDC.dll
0x00007ffa53a10000 - 0x00007ffa53a62000 	C:\WINDOWS\System32\shlwapi.dll
0x00007ffa51580000 - 0x00007ffa51597000 	C:\WINDOWS\System32\cryptsp.dll
0x00007ffa4aff0000 - 0x00007ffa4affb000 	C:\Program Files\Java\jdk-14.0.1\bin\dt_socket.dll
0x00007ffa4ffc0000 - 0x00007ffa4fffa000 	C:\WINDOWS\SYSTEM32\IPHLPAPI.DLL
0x00007ffa502b0000 - 0x00007ffa50317000 	C:\WINDOWS\system32\mswsock.dll
0x00007ffa50000000 - 0x00007ffa500cb000 	C:\WINDOWS\SYSTEM32\DNSAPI.dll
0x00007ffa51ce0000 - 0x00007ffa51ce8000 	C:\WINDOWS\System32\NSI.dll
0x00007ffa41980000 - 0x00007ffa4198a000 	C:\Windows\System32\rasadhlp.dll
0x00007ffa46950000 - 0x00007ffa469c7000 	C:\WINDOWS\System32\fwpuclnt.dll
0x00007ffa50d30000 - 0x00007ffa50d56000 	C:\WINDOWS\System32\bcrypt.dll
0x00007ffa36e20000 - 0x00007ffa36e39000 	C:\Program Files\Java\jdk-14.0.1\bin\net.dll
0x00007ffa419b0000 - 0x00007ffa41aa0000 	C:\WINDOWS\SYSTEM32\WINHTTP.dll
0x00007ffa36150000 - 0x00007ffa36162000 	C:\Program Files\Java\jdk-14.0.1\bin\nio.dll
0x00007ffa4aef0000 - 0x00007ffa4af00000 	C:\Program Files\Java\jdk-14.0.1\bin\verify.dll
0x00007ffa481a0000 - 0x00007ffa481b6000 	C:\WINDOWS\SYSTEM32\dhcpcsvc6.DLL
0x00007ffa49740000 - 0x00007ffa4975c000 	C:\WINDOWS\SYSTEM32\dhcpcsvc.DLL

dbghelp: loaded successfully - version: 4.0.5 - missing functions: none
symbol engine: initialized successfully - sym options: 0x614 - pdb path: .;C:\Program Files\Java\jdk-14.0.1\bin;C:\WINDOWS\SYSTEM32;C:\WINDOWS\WinSxS\amd64_microsoft.windows.common-controls_6595b64144ccf1df_6.0.18362.836_none_e6c4b943130f18ed;C:\Program Files\Java\jdk-14.0.1\bin\server

VM Arguments:
jvm_args: -agentlib:jdwp=transport=dt_socket,suspend=y,address=localhost:62239 -ea -javaagent:C:\Users\shiva\eclipse\java-2019-062\eclipse\configuration\org.eclipse.osgi\226\0\.cp\lib\javaagent-shaded.jar -Dfile.encoding=Cp1252 
java_command: org.eclipse.jdt.internal.junit.runner.RemoteTestRunner -version 3 -port 62238 -testLoaderClass org.eclipse.jdt.internal.junit4.runner.JUnit4TestLoader -loaderpluginname org.eclipse.jdt.junit4.runtime -classNames Testing.BinaryTreeTest
java_class_path (initial): C:\Users\shiva\OneDrive\Desktop\DS_2017_Assignment2\out\production\DS_2016_Assignment2;C:\Users\shiva\OneDrive\Desktop\DS_2017_Assignment2\hamcrest-core-1.3.jar;C:\Users\shiva\OneDrive\Desktop\DS_2017_Assignment2\junit-4.12.jar;C:\Users\shiva\eclipse\java-2019-062\eclipse\configuration\org.eclipse.osgi\224\0\.cp;C:\Users\shiva\eclipse\java-2019-062\eclipse\configuration\org.eclipse.osgi\223\0\.cp
Launcher Type: SUN_STANDARD

[Global flags]
     intx CICompilerCount                          = 4                                         {product} {ergonomic}
     uint ConcGCThreads                            = 2                                         {product} {ergonomic}
     uint G1ConcRefinementThreads                  = 8                                         {product} {ergonomic}
   size_t G1HeapRegionSize                         = 1048576                                   {product} {ergonomic}
    uintx GCDrainStackTargetSize                   = 64                                        {product} {ergonomic}
   size_t InitialHeapSize                          = 132120576                                 {product} {ergonomic}
   size_t MarkStackSize                            = 4194304                                   {product} {ergonomic}
   size_t MaxHeapSize                              = 2113929216                                {product} {ergonomic}
   size_t MaxNewSize                               = 1267728384                                {product} {ergonomic}
   size_t MinHeapDeltaBytes                        = 1048576                                   {product} {ergonomic}
   size_t MinHeapSize                              = 8388608                                   {product} {ergonomic}
    uintx NonNMethodCodeHeapSize                   = 5839372                                {pd product} {ergonomic}
    uintx NonProfiledCodeHeapSize                  = 122909434                              {pd product} {ergonomic}
    uintx ProfiledCodeHeapSize                     = 122909434                              {pd product} {ergonomic}
    uintx ReservedCodeCacheSize                    = 251658240                              {pd product} {ergonomic}
     bool SegmentedCodeCache                       = true                                      {product} {ergonomic}
   size_t SoftMaxHeapSize                          = 2113929216                             {manageable} {ergonomic}
     bool UseCompressedClassPointers               = true                                 {lp64_product} {ergonomic}
     bool UseCompressedOops                        = true                                 {lp64_product} {ergonomic}
     bool UseG1GC                                  = true                                      {product} {ergonomic}
     bool UseLargePagesIndividualAllocation        = false                                  {pd product} {ergonomic}

Logging:
Log output configuration:
 #0: stdout all=warning uptime,level,tags
 #1: stderr all=off uptime,level,tags

Environment Variables:
PATH=C:\Program Files (x86)\Common Files\Oracle\Java\javapath;C:\WINDOWS\system32;C:\WINDOWS;C:\WINDOWS\System32\Wbem;C:\WINDOWS\System32\WindowsPowerShell\v1.0\;C:\WINDOWS\System32\OpenSSH\;C:\Program Files (x86)\Intel\Intel(R) Management Engine Components\DAL;C:\Program Files\Intel\Intel(R) Management Engine Components\DAL;C:\Program Files\Microsoft SQL Server\Client SDK\ODBC\130\Tools\Binn\;C:\Program Files (x86)\Microsoft SQL Server\130\Tools\Binn\;C:\Program Files\Microsoft SQL Server\130\Tools\Binn\;C:\Program Files\Microsoft SQL Server\130\DTS\Binn\;C:\Program Files (x86)\Microsoft SQL Server\150\DTS\Binn\;C:\Program Files\Microsoft SQL Server\Client SDK\ODBC\170\Tools\Binn\;C:\Program Files\dotnet\;C:\Program Files (x86)\BaseX\bin;C:\Program Files\Java\jdk-14.0.1\bin
USERNAME=shiva
OS=Windows_NT
PROCESSOR_IDENTIFIER=Intel64 Family 6 Model 142 Stepping 10, GenuineIntel



---------------  S Y S T E M  ---------------

OS: Windows 10 , 64 bit Build 18362 (10.0.18362.778)
OS uptime: 2 days 11:08 hours

CPU:total 8 (initial active 8) (4 cores per cpu, 2 threads per core) family 6 model 142 stepping 10, cmov, cx8, fxsr, mmx, sse, sse2, sse3, ssse3, sse4.1, sse4.2, popcnt, avx, avx2, aes, clmul, erms, 3dnowpref, lzcnt, ht, tsc, tscinvbit, bmi1, bmi2, adx, fma

Memory: 4k page, system-wide physical 8057M (2574M free)
TotalPageFile size 19984M (AvailPageFile size 9907M)
current process WorkingSet (physical memory assigned to process): 50M, peak: 55M
current process commit charge ("private bytes"): 214M, peak: 221M

vm_info: OpenJDK 64-Bit Server VM (14.0.1+7) for windows-amd64 JRE (14.0.1+7), built on Mar  5 2020 10:30:04 by "mach5one" with MS VC++ 15.9 (VS2017)

END.
