#
# A fatal error has been detected by the Java Runtime Environment:
#
#  Internal Error (./open/src/hotspot/share/oops/generateOopMap.cpp:1633), pid=35620, tid=23736
#  Error: ShouldNotReachHere()
#
# JRE version: OpenJDK Runtime Environment (14.0.1+7) (build 14.0.1+7)
# Java VM: OpenJDK 64-Bit Server VM (14.0.1+7, mixed mode, sharing, tiered, compressed oops, g1 gc, windows-amd64)
# No core dump will be written. Minidumps are not enabled by default on client versions of Windows
#
# If you would like to submit a bug report, please visit:
#   https://bugreport.java.com/bugreport/crash.jsp
#

---------------  S U M M A R Y ------------

Command Line: -agentlib:jdwp=transport=dt_socket,suspend=y,address=localhost:65423 -ea -javaagent:C:\Users\shiva\eclipse\java-2019-062\eclipse\configuration\org.eclipse.osgi\226\0\.cp\lib\javaagent-shaded.jar -Dfile.encoding=Cp1252 org.eclipse.jdt.internal.junit.runner.RemoteTestRunner -version 3 -port 65422 -testLoaderClass org.eclipse.jdt.internal.junit4.runner.JUnit4TestLoader -loaderpluginname org.eclipse.jdt.junit4.runtime -classNames Testing.AVLTest

Host: Intel(R) Core(TM) i7-8550U CPU @ 1.80GHz, 8 cores, 7G,  Windows 10 , 64 bit Build 18362 (10.0.18362.778)
Time: Wed Jun  3 21:39:16 2020 Cen. Australia Standard Time elapsed time: 336 seconds (0d 0h 5m 36s)

---------------  T H R E A D  ---------------

Current thread (0x000002a728331000):  JavaThread "JDWP Transport Listener: dt_socket" daemon [_thread_in_vm, id=23736, stack(0x000000e7a3200000,0x000000e7a3300000)] _threads_hazard_ptr=0x000002a728c7e570

Stack: [0x000000e7a3200000,0x000000e7a3300000]
Native frames: (J=compiled Java code, j=interpreted, Vv=VM code, C=native code)
V  [jvm.dll+0x5f840a]
V  [jvm.dll+0x741e4a]
V  [jvm.dll+0x7435ff]
V  [jvm.dll+0x743bf7]
V  [jvm.dll+0x20d20c]
V  [jvm.dll+0x20d173]
V  [jvm.dll+0x2f1577]
V  [jvm.dll+0x2f190e]
V  [jvm.dll+0x2ef1ac]
V  [jvm.dll+0x2ee3e2]
V  [jvm.dll+0x5e7525]
V  [jvm.dll+0x5e72ad]
V  [jvm.dll+0x5af2b3]
V  [jvm.dll+0x7394bf]
V  [jvm.dll+0x4bee71]
V  [jvm.dll+0x748a5b]
V  [jvm.dll+0x4a54fe]
V  [jvm.dll+0x46ee8b]
C  [jdwp.dll+0x751f]


---------------  P R O C E S S  ---------------

Threads class SMR info:
_java_thread_list=0x000002a728c7e570, length=15, elements={
0x000002a7067de000, 0x000002a727765800, 0x000002a727767000, 0x000002a727782000,
0x000002a727788000, 0x000002a72778a800, 0x000002a72778f800, 0x000002a727793800,
0x000002a7277a1000, 0x000002a727749000, 0x000002a728331000, 0x000002a728230800,
0x000002a728233800, 0x000002a728360800, 0x000002a72848a000
}

Java Threads: ( => current thread )
  0x000002a7067de000 JavaThread "main" [_thread_blocked, id=30344, stack(0x000000e7a2100000,0x000000e7a2200000)]
  0x000002a727765800 JavaThread "Reference Handler" daemon [_thread_blocked, id=35820, stack(0x000000e7a2800000,0x000000e7a2900000)]
  0x000002a727767000 JavaThread "Finalizer" daemon [_thread_blocked, id=32092, stack(0x000000e7a2900000,0x000000e7a2a00000)]
  0x000002a727782000 JavaThread "Signal Dispatcher" daemon [_thread_blocked, id=19352, stack(0x000000e7a2a00000,0x000000e7a2b00000)]
  0x000002a727788000 JavaThread "Attach Listener" daemon [_thread_blocked, id=11828, stack(0x000000e7a2b00000,0x000000e7a2c00000)]
  0x000002a72778a800 JavaThread "Service Thread" daemon [_thread_blocked, id=32172, stack(0x000000e7a2c00000,0x000000e7a2d00000)]
  0x000002a72778f800 JavaThread "C2 CompilerThread0" daemon [_thread_blocked, id=14884, stack(0x000000e7a2d00000,0x000000e7a2e00000)]
  0x000002a727793800 JavaThread "C1 CompilerThread0" daemon [_thread_blocked, id=30580, stack(0x000000e7a2e00000,0x000000e7a2f00000)]
  0x000002a7277a1000 JavaThread "Sweeper thread" daemon [_thread_blocked, id=29264, stack(0x000000e7a2f00000,0x000000e7a3000000)]
  0x000002a727749000 JavaThread "Common-Cleaner" daemon [_thread_blocked, id=15556, stack(0x000000e7a3000000,0x000000e7a3100000)]
=>0x000002a728331000 JavaThread "JDWP Transport Listener: dt_socket" daemon [_thread_in_vm, id=23736, stack(0x000000e7a3200000,0x000000e7a3300000)] _threads_hazard_ptr=0x000002a728c7e570
  0x000002a728230800 JavaThread "JDWP Event Helper Thread" daemon [_thread_blocked, id=8784, stack(0x000000e7a3300000,0x000000e7a3400000)]
  0x000002a728233800 JavaThread "JDWP Command Reader" daemon [_thread_in_native, id=32268, stack(0x000000e7a3400000,0x000000e7a3500000)]
  0x000002a728360800 JavaThread "Notification Thread" daemon [_thread_blocked, id=25428, stack(0x000000e7a3500000,0x000000e7a3600000)]
  0x000002a72848a000 JavaThread "ReaderThread" [_thread_in_native, id=19420, stack(0x000000e7a3700000,0x000000e7a3800000)]

Other Threads:
  0x000002a727761000 VMThread "VM Thread" [stack: 0x000000e7a2700000,0x000000e7a2800000] [id=20340]
  0x000002a7283eb000 WatcherThread [stack: 0x000000e7a3600000,0x000000e7a3700000] [id=16024]
  0x000002a706822800 GCTaskThread "GC Thread#0" [stack: 0x000000e7a2200000,0x000000e7a2300000] [id=24488]
  0x000002a706833800 ConcurrentGCThread "G1 Main Marker" [stack: 0x000000e7a2300000,0x000000e7a2400000] [id=35004]
  0x000002a706835800 ConcurrentGCThread "G1 Conc#0" [stack: 0x000000e7a2400000,0x000000e7a2500000] [id=31520]
  0x000002a7068ae000 ConcurrentGCThread "G1 Refine#0" [stack: 0x000000e7a2500000,0x000000e7a2600000] [id=16072]
  0x000002a7275d6800 ConcurrentGCThread "G1 Young RemSet Sampling" [stack: 0x000000e7a2600000,0x000000e7a2700000] [id=21444]

Threads with active compile tasks:

VM state:not at safepoint (normal execution)

VM Mutex/Monitor currently owned by a thread: None

Heap address: 0x0000000082000000, size: 2016 MB, Compressed Oops mode: 32-bit
Narrow klass base: 0x0000000800000000, Narrow klass shift: 3
Compressed class space size: 1073741824 Address: 0x0000000800b30000

Heap:
 garbage-first heap   total 129024K, used 7168K [0x0000000082000000, 0x0000000100000000)
  region size 1024K, 8 young (8192K), 0 survivors (0K)
 Metaspace       used 4320K, capacity 5374K, committed 5504K, reserved 1056768K
  class space    used 455K, capacity 553K, committed 640K, reserved 1048576K
Heap Regions: E=young(eden), S=young(survivor), O=old, HS=humongous(starts), HC=humongous(continues), CS=collection set, F=free, OA=open archive, CA=closed archive, TAMS=top-at-mark-start (previous, next)
|   0|0x0000000082000000, 0x0000000082000000, 0x0000000082100000|  0%| F|  |TAMS 0x0000000082000000, 0x0000000082000000| Untracked 
|   1|0x0000000082100000, 0x0000000082100000, 0x0000000082200000|  0%| F|  |TAMS 0x0000000082100000, 0x0000000082100000| Untracked 
|   2|0x0000000082200000, 0x0000000082200000, 0x0000000082300000|  0%| F|  |TAMS 0x0000000082200000, 0x0000000082200000| Untracked 
|   3|0x0000000082300000, 0x0000000082300000, 0x0000000082400000|  0%| F|  |TAMS 0x0000000082300000, 0x0000000082300000| Untracked 
|   4|0x0000000082400000, 0x0000000082400000, 0x0000000082500000|  0%| F|  |TAMS 0x0000000082400000, 0x0000000082400000| Untracked 
|   5|0x0000000082500000, 0x0000000082500000, 0x0000000082600000|  0%| F|  |TAMS 0x0000000082500000, 0x0000000082500000| Untracked 
|   6|0x0000000082600000, 0x0000000082600000, 0x0000000082700000|  0%| F|  |TAMS 0x0000000082600000, 0x0000000082600000| Untracked 
|   7|0x0000000082700000, 0x0000000082700000, 0x0000000082800000|  0%| F|  |TAMS 0x0000000082700000, 0x0000000082700000| Untracked 
|   8|0x0000000082800000, 0x0000000082800000, 0x0000000082900000|  0%| F|  |TAMS 0x0000000082800000, 0x0000000082800000| Untracked 
|   9|0x0000000082900000, 0x0000000082900000, 0x0000000082a00000|  0%| F|  |TAMS 0x0000000082900000, 0x0000000082900000| Untracked 
|  10|0x0000000082a00000, 0x0000000082a00000, 0x0000000082b00000|  0%| F|  |TAMS 0x0000000082a00000, 0x0000000082a00000| Untracked 
|  11|0x0000000082b00000, 0x0000000082b00000, 0x0000000082c00000|  0%| F|  |TAMS 0x0000000082b00000, 0x0000000082b00000| Untracked 
|  12|0x0000000082c00000, 0x0000000082c00000, 0x0000000082d00000|  0%| F|  |TAMS 0x0000000082c00000, 0x0000000082c00000| Untracked 
|  13|0x0000000082d00000, 0x0000000082d00000, 0x0000000082e00000|  0%| F|  |TAMS 0x0000000082d00000, 0x0000000082d00000| Untracked 
|  14|0x0000000082e00000, 0x0000000082e00000, 0x0000000082f00000|  0%| F|  |TAMS 0x0000000082e00000, 0x0000000082e00000| Untracked 
|  15|0x0000000082f00000, 0x0000000082f00000, 0x0000000083000000|  0%| F|  |TAMS 0x0000000082f00000, 0x0000000082f00000| Untracked 
|  16|0x0000000083000000, 0x0000000083000000, 0x0000000083100000|  0%| F|  |TAMS 0x0000000083000000, 0x0000000083000000| Untracked 
|  17|0x0000000083100000, 0x0000000083100000, 0x0000000083200000|  0%| F|  |TAMS 0x0000000083100000, 0x0000000083100000| Untracked 
|  18|0x0000000083200000, 0x0000000083200000, 0x0000000083300000|  0%| F|  |TAMS 0x0000000083200000, 0x0000000083200000| Untracked 
|  19|0x0000000083300000, 0x0000000083300000, 0x0000000083400000|  0%| F|  |TAMS 0x0000000083300000, 0x0000000083300000| Untracked 
|  20|0x0000000083400000, 0x0000000083400000, 0x0000000083500000|  0%| F|  |TAMS 0x0000000083400000, 0x0000000083400000| Untracked 
|  21|0x0000000083500000, 0x0000000083500000, 0x0000000083600000|  0%| F|  |TAMS 0x0000000083500000, 0x0000000083500000| Untracked 
|  22|0x0000000083600000, 0x0000000083600000, 0x0000000083700000|  0%| F|  |TAMS 0x0000000083600000, 0x0000000083600000| Untracked 
|  23|0x0000000083700000, 0x0000000083700000, 0x0000000083800000|  0%| F|  |TAMS 0x0000000083700000, 0x0000000083700000| Untracked 
|  24|0x0000000083800000, 0x0000000083800000, 0x0000000083900000|  0%| F|  |TAMS 0x0000000083800000, 0x0000000083800000| Untracked 
|  25|0x0000000083900000, 0x0000000083900000, 0x0000000083a00000|  0%| F|  |TAMS 0x0000000083900000, 0x0000000083900000| Untracked 
|  26|0x0000000083a00000, 0x0000000083a00000, 0x0000000083b00000|  0%| F|  |TAMS 0x0000000083a00000, 0x0000000083a00000| Untracked 
|  27|0x0000000083b00000, 0x0000000083b00000, 0x0000000083c00000|  0%| F|  |TAMS 0x0000000083b00000, 0x0000000083b00000| Untracked 
|  28|0x0000000083c00000, 0x0000000083c00000, 0x0000000083d00000|  0%| F|  |TAMS 0x0000000083c00000, 0x0000000083c00000| Untracked 
|  29|0x0000000083d00000, 0x0000000083d00000, 0x0000000083e00000|  0%| F|  |TAMS 0x0000000083d00000, 0x0000000083d00000| Untracked 
|  30|0x0000000083e00000, 0x0000000083e00000, 0x0000000083f00000|  0%| F|  |TAMS 0x0000000083e00000, 0x0000000083e00000| Untracked 
|  31|0x0000000083f00000, 0x0000000083f00000, 0x0000000084000000|  0%| F|  |TAMS 0x0000000083f00000, 0x0000000083f00000| Untracked 
|  32|0x0000000084000000, 0x0000000084000000, 0x0000000084100000|  0%| F|  |TAMS 0x0000000084000000, 0x0000000084000000| Untracked 
|  33|0x0000000084100000, 0x0000000084100000, 0x0000000084200000|  0%| F|  |TAMS 0x0000000084100000, 0x0000000084100000| Untracked 
|  34|0x0000000084200000, 0x0000000084200000, 0x0000000084300000|  0%| F|  |TAMS 0x0000000084200000, 0x0000000084200000| Untracked 
|  35|0x0000000084300000, 0x0000000084300000, 0x0000000084400000|  0%| F|  |TAMS 0x0000000084300000, 0x0000000084300000| Untracked 
|  36|0x0000000084400000, 0x0000000084400000, 0x0000000084500000|  0%| F|  |TAMS 0x0000000084400000, 0x0000000084400000| Untracked 
|  37|0x0000000084500000, 0x0000000084500000, 0x0000000084600000|  0%| F|  |TAMS 0x0000000084500000, 0x0000000084500000| Untracked 
|  38|0x0000000084600000, 0x0000000084600000, 0x0000000084700000|  0%| F|  |TAMS 0x0000000084600000, 0x0000000084600000| Untracked 
|  39|0x0000000084700000, 0x0000000084700000, 0x0000000084800000|  0%| F|  |TAMS 0x0000000084700000, 0x0000000084700000| Untracked 
|  40|0x0000000084800000, 0x0000000084800000, 0x0000000084900000|  0%| F|  |TAMS 0x0000000084800000, 0x0000000084800000| Untracked 
|  41|0x0000000084900000, 0x0000000084900000, 0x0000000084a00000|  0%| F|  |TAMS 0x0000000084900000, 0x0000000084900000| Untracked 
|  42|0x0000000084a00000, 0x0000000084a00000, 0x0000000084b00000|  0%| F|  |TAMS 0x0000000084a00000, 0x0000000084a00000| Untracked 
|  43|0x0000000084b00000, 0x0000000084b00000, 0x0000000084c00000|  0%| F|  |TAMS 0x0000000084b00000, 0x0000000084b00000| Untracked 
|  44|0x0000000084c00000, 0x0000000084c00000, 0x0000000084d00000|  0%| F|  |TAMS 0x0000000084c00000, 0x0000000084c00000| Untracked 
|  45|0x0000000084d00000, 0x0000000084d00000, 0x0000000084e00000|  0%| F|  |TAMS 0x0000000084d00000, 0x0000000084d00000| Untracked 
|  46|0x0000000084e00000, 0x0000000084e00000, 0x0000000084f00000|  0%| F|  |TAMS 0x0000000084e00000, 0x0000000084e00000| Untracked 
|  47|0x0000000084f00000, 0x0000000084f00000, 0x0000000085000000|  0%| F|  |TAMS 0x0000000084f00000, 0x0000000084f00000| Untracked 
|  48|0x0000000085000000, 0x0000000085000000, 0x0000000085100000|  0%| F|  |TAMS 0x0000000085000000, 0x0000000085000000| Untracked 
|  49|0x0000000085100000, 0x0000000085100000, 0x0000000085200000|  0%| F|  |TAMS 0x0000000085100000, 0x0000000085100000| Untracked 
|  50|0x0000000085200000, 0x0000000085200000, 0x0000000085300000|  0%| F|  |TAMS 0x0000000085200000, 0x0000000085200000| Untracked 
|  51|0x0000000085300000, 0x0000000085300000, 0x0000000085400000|  0%| F|  |TAMS 0x0000000085300000, 0x0000000085300000| Untracked 
|  52|0x0000000085400000, 0x0000000085400000, 0x0000000085500000|  0%| F|  |TAMS 0x0000000085400000, 0x0000000085400000| Untracked 
|  53|0x0000000085500000, 0x0000000085500000, 0x0000000085600000|  0%| F|  |TAMS 0x0000000085500000, 0x0000000085500000| Untracked 
|  54|0x0000000085600000, 0x0000000085600000, 0x0000000085700000|  0%| F|  |TAMS 0x0000000085600000, 0x0000000085600000| Untracked 
|  55|0x0000000085700000, 0x0000000085700000, 0x0000000085800000|  0%| F|  |TAMS 0x0000000085700000, 0x0000000085700000| Untracked 
|  56|0x0000000085800000, 0x0000000085800000, 0x0000000085900000|  0%| F|  |TAMS 0x0000000085800000, 0x0000000085800000| Untracked 
|  57|0x0000000085900000, 0x0000000085900000, 0x0000000085a00000|  0%| F|  |TAMS 0x0000000085900000, 0x0000000085900000| Untracked 
|  58|0x0000000085a00000, 0x0000000085a00000, 0x0000000085b00000|  0%| F|  |TAMS 0x0000000085a00000, 0x0000000085a00000| Untracked 
|  59|0x0000000085b00000, 0x0000000085b00000, 0x0000000085c00000|  0%| F|  |TAMS 0x0000000085b00000, 0x0000000085b00000| Untracked 
|  60|0x0000000085c00000, 0x0000000085c00000, 0x0000000085d00000|  0%| F|  |TAMS 0x0000000085c00000, 0x0000000085c00000| Untracked 
|  61|0x0000000085d00000, 0x0000000085d00000, 0x0000000085e00000|  0%| F|  |TAMS 0x0000000085d00000, 0x0000000085d00000| Untracked 
|  62|0x0000000085e00000, 0x0000000085e00000, 0x0000000085f00000|  0%| F|  |TAMS 0x0000000085e00000, 0x0000000085e00000| Untracked 
|  63|0x0000000085f00000, 0x0000000085f00000, 0x0000000086000000|  0%| F|  |TAMS 0x0000000085f00000, 0x0000000085f00000| Untracked 
|  64|0x0000000086000000, 0x0000000086000000, 0x0000000086100000|  0%| F|  |TAMS 0x0000000086000000, 0x0000000086000000| Untracked 
|  65|0x0000000086100000, 0x0000000086100000, 0x0000000086200000|  0%| F|  |TAMS 0x0000000086100000, 0x0000000086100000| Untracked 
|  66|0x0000000086200000, 0x0000000086200000, 0x0000000086300000|  0%| F|  |TAMS 0x0000000086200000, 0x0000000086200000| Untracked 
|  67|0x0000000086300000, 0x0000000086300000, 0x0000000086400000|  0%| F|  |TAMS 0x0000000086300000, 0x0000000086300000| Untracked 
|  68|0x0000000086400000, 0x0000000086400000, 0x0000000086500000|  0%| F|  |TAMS 0x0000000086400000, 0x0000000086400000| Untracked 
|  69|0x0000000086500000, 0x0000000086500000, 0x0000000086600000|  0%| F|  |TAMS 0x0000000086500000, 0x0000000086500000| Untracked 
|  70|0x0000000086600000, 0x0000000086600000, 0x0000000086700000|  0%| F|  |TAMS 0x0000000086600000, 0x0000000086600000| Untracked 
|  71|0x0000000086700000, 0x0000000086700000, 0x0000000086800000|  0%| F|  |TAMS 0x0000000086700000, 0x0000000086700000| Untracked 
|  72|0x0000000086800000, 0x0000000086800000, 0x0000000086900000|  0%| F|  |TAMS 0x0000000086800000, 0x0000000086800000| Untracked 
|  73|0x0000000086900000, 0x0000000086900000, 0x0000000086a00000|  0%| F|  |TAMS 0x0000000086900000, 0x0000000086900000| Untracked 
|  74|0x0000000086a00000, 0x0000000086a00000, 0x0000000086b00000|  0%| F|  |TAMS 0x0000000086a00000, 0x0000000086a00000| Untracked 
|  75|0x0000000086b00000, 0x0000000086b00000, 0x0000000086c00000|  0%| F|  |TAMS 0x0000000086b00000, 0x0000000086b00000| Untracked 
|  76|0x0000000086c00000, 0x0000000086c00000, 0x0000000086d00000|  0%| F|  |TAMS 0x0000000086c00000, 0x0000000086c00000| Untracked 
|  77|0x0000000086d00000, 0x0000000086d00000, 0x0000000086e00000|  0%| F|  |TAMS 0x0000000086d00000, 0x0000000086d00000| Untracked 
|  78|0x0000000086e00000, 0x0000000086e00000, 0x0000000086f00000|  0%| F|  |TAMS 0x0000000086e00000, 0x0000000086e00000| Untracked 
|  79|0x0000000086f00000, 0x0000000086f00000, 0x0000000087000000|  0%| F|  |TAMS 0x0000000086f00000, 0x0000000086f00000| Untracked 
|  80|0x0000000087000000, 0x0000000087000000, 0x0000000087100000|  0%| F|  |TAMS 0x0000000087000000, 0x0000000087000000| Untracked 
|  81|0x0000000087100000, 0x0000000087100000, 0x0000000087200000|  0%| F|  |TAMS 0x0000000087100000, 0x0000000087100000| Untracked 
|  82|0x0000000087200000, 0x0000000087200000, 0x0000000087300000|  0%| F|  |TAMS 0x0000000087200000, 0x0000000087200000| Untracked 
|  83|0x0000000087300000, 0x0000000087300000, 0x0000000087400000|  0%| F|  |TAMS 0x0000000087300000, 0x0000000087300000| Untracked 
|  84|0x0000000087400000, 0x0000000087400000, 0x0000000087500000|  0%| F|  |TAMS 0x0000000087400000, 0x0000000087400000| Untracked 
|  85|0x0000000087500000, 0x0000000087500000, 0x0000000087600000|  0%| F|  |TAMS 0x0000000087500000, 0x0000000087500000| Untracked 
|  86|0x0000000087600000, 0x0000000087600000, 0x0000000087700000|  0%| F|  |TAMS 0x0000000087600000, 0x0000000087600000| Untracked 
|  87|0x0000000087700000, 0x0000000087700000, 0x0000000087800000|  0%| F|  |TAMS 0x0000000087700000, 0x0000000087700000| Untracked 
|  88|0x0000000087800000, 0x0000000087800000, 0x0000000087900000|  0%| F|  |TAMS 0x0000000087800000, 0x0000000087800000| Untracked 
|  89|0x0000000087900000, 0x0000000087900000, 0x0000000087a00000|  0%| F|  |TAMS 0x0000000087900000, 0x0000000087900000| Untracked 
|  90|0x0000000087a00000, 0x0000000087a00000, 0x0000000087b00000|  0%| F|  |TAMS 0x0000000087a00000, 0x0000000087a00000| Untracked 
|  91|0x0000000087b00000, 0x0000000087b00000, 0x0000000087c00000|  0%| F|  |TAMS 0x0000000087b00000, 0x0000000087b00000| Untracked 
|  92|0x0000000087c00000, 0x0000000087c00000, 0x0000000087d00000|  0%| F|  |TAMS 0x0000000087c00000, 0x0000000087c00000| Untracked 
|  93|0x0000000087d00000, 0x0000000087d00000, 0x0000000087e00000|  0%| F|  |TAMS 0x0000000087d00000, 0x0000000087d00000| Untracked 
|  94|0x0000000087e00000, 0x0000000087e00000, 0x0000000087f00000|  0%| F|  |TAMS 0x0000000087e00000, 0x0000000087e00000| Untracked 
|  95|0x0000000087f00000, 0x0000000087f00000, 0x0000000088000000|  0%| F|  |TAMS 0x0000000087f00000, 0x0000000087f00000| Untracked 
|  96|0x0000000088000000, 0x0000000088000000, 0x0000000088100000|  0%| F|  |TAMS 0x0000000088000000, 0x0000000088000000| Untracked 
|  97|0x0000000088100000, 0x0000000088100000, 0x0000000088200000|  0%| F|  |TAMS 0x0000000088100000, 0x0000000088100000| Untracked 
|  98|0x0000000088200000, 0x0000000088200000, 0x0000000088300000|  0%| F|  |TAMS 0x0000000088200000, 0x0000000088200000| Untracked 
|  99|0x0000000088300000, 0x0000000088300000, 0x0000000088400000|  0%| F|  |TAMS 0x0000000088300000, 0x0000000088300000| Untracked 
| 100|0x0000000088400000, 0x0000000088400000, 0x0000000088500000|  0%| F|  |TAMS 0x0000000088400000, 0x0000000088400000| Untracked 
| 101|0x0000000088500000, 0x0000000088500000, 0x0000000088600000|  0%| F|  |TAMS 0x0000000088500000, 0x0000000088500000| Untracked 
| 102|0x0000000088600000, 0x0000000088600000, 0x0000000088700000|  0%| F|  |TAMS 0x0000000088600000, 0x0000000088600000| Untracked 
| 103|0x0000000088700000, 0x0000000088700000, 0x0000000088800000|  0%| F|  |TAMS 0x0000000088700000, 0x0000000088700000| Untracked 
| 104|0x0000000088800000, 0x0000000088800000, 0x0000000088900000|  0%| F|  |TAMS 0x0000000088800000, 0x0000000088800000| Untracked 
| 105|0x0000000088900000, 0x0000000088900000, 0x0000000088a00000|  0%| F|  |TAMS 0x0000000088900000, 0x0000000088900000| Untracked 
| 106|0x0000000088a00000, 0x0000000088a00000, 0x0000000088b00000|  0%| F|  |TAMS 0x0000000088a00000, 0x0000000088a00000| Untracked 
| 107|0x0000000088b00000, 0x0000000088b00000, 0x0000000088c00000|  0%| F|  |TAMS 0x0000000088b00000, 0x0000000088b00000| Untracked 
| 108|0x0000000088c00000, 0x0000000088c00000, 0x0000000088d00000|  0%| F|  |TAMS 0x0000000088c00000, 0x0000000088c00000| Untracked 
| 109|0x0000000088d00000, 0x0000000088d00000, 0x0000000088e00000|  0%| F|  |TAMS 0x0000000088d00000, 0x0000000088d00000| Untracked 
| 110|0x0000000088e00000, 0x0000000088e00000, 0x0000000088f00000|  0%| F|  |TAMS 0x0000000088e00000, 0x0000000088e00000| Untracked 
| 111|0x0000000088f00000, 0x0000000088f00000, 0x0000000089000000|  0%| F|  |TAMS 0x0000000088f00000, 0x0000000088f00000| Untracked 
| 112|0x0000000089000000, 0x0000000089000000, 0x0000000089100000|  0%| F|  |TAMS 0x0000000089000000, 0x0000000089000000| Untracked 
| 113|0x0000000089100000, 0x0000000089100000, 0x0000000089200000|  0%| F|  |TAMS 0x0000000089100000, 0x0000000089100000| Untracked 
| 114|0x0000000089200000, 0x0000000089200000, 0x0000000089300000|  0%| F|  |TAMS 0x0000000089200000, 0x0000000089200000| Untracked 
| 115|0x0000000089300000, 0x0000000089300000, 0x0000000089400000|  0%| F|  |TAMS 0x0000000089300000, 0x0000000089300000| Untracked 
| 116|0x0000000089400000, 0x0000000089400000, 0x0000000089500000|  0%| F|  |TAMS 0x0000000089400000, 0x0000000089400000| Untracked 
| 117|0x0000000089500000, 0x0000000089500000, 0x0000000089600000|  0%| F|  |TAMS 0x0000000089500000, 0x0000000089500000| Untracked 
| 118|0x0000000089600000, 0x00000000896ec0b0, 0x0000000089700000| 92%| E|  |TAMS 0x0000000089600000, 0x0000000089600000| Complete 
| 119|0x0000000089700000, 0x0000000089800000, 0x0000000089800000|100%| E|CS|TAMS 0x0000000089700000, 0x0000000089700000| Complete 
| 120|0x0000000089800000, 0x0000000089900000, 0x0000000089900000|100%| E|CS|TAMS 0x0000000089800000, 0x0000000089800000| Complete 
| 121|0x0000000089900000, 0x0000000089a00000, 0x0000000089a00000|100%| E|CS|TAMS 0x0000000089900000, 0x0000000089900000| Complete 
| 122|0x0000000089a00000, 0x0000000089b00000, 0x0000000089b00000|100%| E|CS|TAMS 0x0000000089a00000, 0x0000000089a00000| Complete 
| 123|0x0000000089b00000, 0x0000000089c00000, 0x0000000089c00000|100%| E|CS|TAMS 0x0000000089b00000, 0x0000000089b00000| Complete 
| 124|0x0000000089c00000, 0x0000000089d00000, 0x0000000089d00000|100%| E|CS|TAMS 0x0000000089c00000, 0x0000000089c00000| Complete 
| 125|0x0000000089d00000, 0x0000000089e00000, 0x0000000089e00000|100%| E|CS|TAMS 0x0000000089d00000, 0x0000000089d00000| Complete 

Card table byte_map: [0x000002a7205c0000,0x000002a7209b0000] _byte_map_base: 0x000002a7201b0000

Marking Bits (Prev, Next): (CMBitMap*) 0x000002a706823088, (CMBitMap*) 0x000002a7068230c8
 Prev Bits: [0x000002a720da0000, 0x000002a722d20000)
 Next Bits: [0x000002a722d20000, 0x000002a724ca0000)

Polling page: 0x000002a7068b0000

Metaspace:

Usage:
  Non-class:      4.71 MB capacity,     3.77 MB ( 80%) used,   947.79 KB ( 20%) free+waste,     8.44 KB ( <1%) overhead. 
      Class:    553.00 KB capacity,   455.57 KB ( 82%) used,    92.99 KB ( 17%) free+waste,     4.44 KB ( <1%) overhead. 
       Both:      5.25 MB capacity,     4.22 MB ( 80%) used,     1.02 MB ( 19%) free+waste,    12.88 KB ( <1%) overhead. 

Virtual space:
  Non-class space:        8.00 MB reserved,       4.75 MB ( 59%) committed 
      Class space:        1.00 GB reserved,     640.00 KB ( <1%) committed 
             Both:        1.01 GB reserved,       5.38 MB ( <1%) committed 

Chunk freelists:
   Non-Class:  43.00 KB
       Class:  0 bytes
        Both:  43.00 KB

MaxMetaspaceSize: 17179869184.00 GB
CompressedClassSpaceSize: 1.00 GB

CodeHeap 'non-profiled nmethods': size=120000Kb used=236Kb max_used=236Kb free=119763Kb
 bounds [0x000002a718240000, 0x000002a7184b0000, 0x000002a71f770000]
CodeHeap 'profiled nmethods': size=120000Kb used=1231Kb max_used=1231Kb free=118769Kb
 bounds [0x000002a710d10000, 0x000002a710f80000, 0x000002a718240000]
CodeHeap 'non-nmethods': size=5760Kb used=1248Kb max_used=1271Kb free=4512Kb
 bounds [0x000002a710770000, 0x000002a7109e0000, 0x000002a710d10000]
 total_blobs=1550 nmethods=688 adapters=327
 compilation: enabled
              stopped_count=0, restarted_count=0
 full_count=0

Compilation events (20 events):
Event: 0.451 Thread 0x000002a727793800  679       3       jdk.internal.org.objectweb.asm.ByteVector::putByteArray (49 bytes)
Event: 0.451 Thread 0x000002a727793800 nmethod 679 0x000002a710e40410 code [0x000002a710e405c0, 0x000002a710e40898]
Event: 0.452 Thread 0x000002a727793800  680       3       jdk.internal.loader.ClassLoaders$BootClassLoader::loadClassOrNull (11 bytes)
Event: 0.453 Thread 0x000002a727793800 nmethod 680 0x000002a710e40990 code [0x000002a710e40b60, 0x000002a710e40eb8]
Event: 0.453 Thread 0x000002a727793800  682       3       java.lang.Enum::<init> (15 bytes)
Event: 0.453 Thread 0x000002a727793800 nmethod 682 0x000002a710e41010 code [0x000002a710e411a0, 0x000002a710e41378]
Event: 0.453 Thread 0x000002a727793800  681       3       java.lang.System$2::findBootstrapClassOrNull (6 bytes)
Event: 0.453 Thread 0x000002a727793800 nmethod 681 0x000002a710e41410 code [0x000002a710e415c0, 0x000002a710e41898]
Event: 0.453 Thread 0x000002a727793800  683       3       java.util.Calendar::internalSet (8 bytes)
Event: 0.454 Thread 0x000002a727793800 nmethod 683 0x000002a710e41990 code [0x000002a710e41b20, 0x000002a710e41c78]
Event: 0.454 Thread 0x000002a727793800  684       3       java.lang.String::checkIndex (48 bytes)
Event: 0.455 Thread 0x000002a727793800 nmethod 684 0x000002a710e41d90 code [0x000002a710e42020, 0x000002a710e429f8]
Event: 0.455 Thread 0x000002a727793800  686       3       java.util.Locale::hasExtensions (13 bytes)
Event: 0.455 Thread 0x000002a727793800 nmethod 686 0x000002a710e42d90 code [0x000002a710e42f20, 0x000002a710e43098]
Event: 0.455 Thread 0x000002a727793800  685       1       sun.util.calendar.CalendarDate::getYear (5 bytes)
Event: 0.455 Thread 0x000002a727793800 nmethod 685 0x000002a71827ae10 code [0x000002a71827afa0, 0x000002a71827b078]
Event: 0.455 Thread 0x000002a727793800  687       3       java.lang.ClassLoader::loadClass (7 bytes)
Event: 0.455 Thread 0x000002a727793800 nmethod 687 0x000002a710e43110 code [0x000002a710e432c0, 0x000002a710e434c8]
Event: 0.456 Thread 0x000002a727793800  688       3       jdk.internal.loader.BuiltinClassLoader::loadClass (22 bytes)
Event: 0.456 Thread 0x000002a727793800 nmethod 688 0x000002a710e43590 code [0x000002a710e43760, 0x000002a710e43a98]

GC Heap History (0 events):
No events

Deoptimization events (18 events):
Event: 0.235 Thread 0x000002a7067de000 Uncommon trap: trap_request=0xffffff45 fr.pc=0x000002a71824d468 relative=0x0000000000000c08
Event: 0.235 Thread 0x000002a7067de000 Uncommon trap: reason=unstable_if action=reinterpret pc=0x000002a71824d468 method=java.util.HashMap.putVal(ILjava/lang/Object;Ljava/lang/Object;ZZ)Ljava/lang/Object; @ 181 c2
Event: 0.235 Thread 0x000002a7067de000 DEOPT PACKING pc=0x000002a71824d468 sp=0x000000e7a21fe210
Event: 0.235 Thread 0x000002a7067de000 DEOPT UNPACKING pc=0x000002a7107b912f sp=0x000000e7a21fe1c0 mode 2
Event: 0.310 Thread 0x000002a7067de000 Uncommon trap: trap_request=0xffffff45 fr.pc=0x000002a71825958c relative=0x000000000000006c
Event: 0.310 Thread 0x000002a7067de000 Uncommon trap: reason=unstable_if action=reinterpret pc=0x000002a71825958c method=java.lang.String.isLatin1()Z @ 10 c2
Event: 0.310 Thread 0x000002a7067de000 DEOPT PACKING pc=0x000002a71825958c sp=0x000000e7a21fded0
Event: 0.310 Thread 0x000002a7067de000 DEOPT UNPACKING pc=0x000002a7107b912f sp=0x000000e7a21fde70 mode 2
Event: 0.310 Thread 0x000002a7067de000 Uncommon trap: trap_request=0xffffff45 fr.pc=0x000002a7182528e4 relative=0x0000000000000044
Event: 0.310 Thread 0x000002a7067de000 Uncommon trap: reason=unstable_if action=reinterpret pc=0x000002a7182528e4 method=java.lang.CharacterData.of(I)Ljava/lang/CharacterData; @ 4 c2
Event: 0.310 Thread 0x000002a7067de000 DEOPT PACKING pc=0x000002a7182528e4 sp=0x000000e7a21fda10
Event: 0.310 Thread 0x000002a7067de000 DEOPT UNPACKING pc=0x000002a7107b912f sp=0x000000e7a21fd9b0 mode 2
Event: 0.312 Thread 0x000002a7067de000 Uncommon trap: trap_request=0xffffff45 fr.pc=0x000002a71824def8 relative=0x0000000000000118
Event: 0.312 Thread 0x000002a7067de000 Uncommon trap: reason=unstable_if action=reinterpret pc=0x000002a71824def8 method=java.lang.String.isLatin1()Z @ 10 c2
Event: 0.312 Thread 0x000002a7067de000 DEOPT PACKING pc=0x000002a71824def8 sp=0x000000e7a21feee0
Event: 0.312 Thread 0x000002a7067de000 DEOPT UNPACKING pc=0x000002a7107b912f sp=0x000000e7a21fee30 mode 2
Event: 0.363 Thread 0x000002a7067de000 DEOPT PACKING pc=0x000002a710d90173 sp=0x000000e7a21fa050
Event: 0.363 Thread 0x000002a7067de000 DEOPT UNPACKING pc=0x000002a7107b964e sp=0x000000e7a21f94b0 mode 0

Classes unloaded (0 events):
No events

Classes redefined (3 events):
Event: 58.348 Thread 0x000002a727761000 redefined class name=Database.BinaryTree, count=1
Event: 141.582 Thread 0x000002a727761000 redefined class name=Database.BinaryTree, count=2
Event: 328.826 Thread 0x000002a727761000 redefined class name=Database.BinaryTree, count=3

Internal exceptions (2 events):
Event: 0.382 Thread 0x000002a7067de000 Exception <a 'java/lang/IncompatibleClassChangeError'{0x00000000898b3f40}: Found class java.lang.Object, but interface was expected> (0x00000000898b3f40) 
thrown [./open/src/hotspot/share/interpreter/linkResolver.cpp, line 832]
Event: 0.402 Thread 0x000002a7067de000 Exception <a 'java/lang/NoSuchMethodError'{0x000000008974cee0}: 'int java.lang.invoke.DirectMethodHandle$Holder.invokeSpecialIFC(java.lang.Object, java.lang.Object, int)'> (0x000000008974cee0) 
thrown [./open/src/hotspot/share/interpreter/linkResolver.cpp, line 766]

Events (20 events):
Event: 329.490 Executing VM operation: GetOwnedMonitorInfo
Event: 329.490 Executing VM operation: GetOwnedMonitorInfo done
Event: 329.490 Executing VM operation: GetCurrentContendedMonitor
Event: 329.490 Executing VM operation: GetCurrentContendedMonitor done
Event: 336.215 Executing VM operation: GetCurrentContendedMonitor
Event: 336.215 Executing VM operation: GetCurrentContendedMonitor done
Event: 336.215 Executing VM operation: GetOwnedMonitorInfo
Event: 336.215 Executing VM operation: GetOwnedMonitorInfo done
Event: 336.547 Executing VM operation: GetFrameCount
Event: 336.547 Executing VM operation: GetFrameCount done
Event: 336.548 Executing VM operation: GetOwnedMonitorInfo
Event: 336.548 Executing VM operation: GetOwnedMonitorInfo done
Event: 336.548 Executing VM operation: GetCurrentContendedMonitor
Event: 336.548 Executing VM operation: GetCurrentContendedMonitor done
Event: 336.550 Executing VM operation: GetCurrentContendedMonitor
Event: 336.550 Executing VM operation: GetCurrentContendedMonitor done
Event: 336.551 Executing VM operation: GetOwnedMonitorInfo
Event: 336.551 Executing VM operation: GetOwnedMonitorInfo done
Event: 336.555 Executing VM operation: GetFrameLocation
Event: 336.555 Executing VM operation: GetFrameLocation done


Dynamic libraries:
0x00007ff6a5aa0000 - 0x00007ff6a5aad000 	C:\Program Files\Java\jdk-14.0.1\bin\javaw.exe
0x00007ffa53b80000 - 0x00007ffa53d70000 	C:\WINDOWS\SYSTEM32\ntdll.dll
0x00007ffa52390000 - 0x00007ffa52442000 	C:\WINDOWS\System32\KERNEL32.DLL
0x00007ffa516d0000 - 0x00007ffa51974000 	C:\WINDOWS\System32\KERNELBASE.dll
0x00007ffa51980000 - 0x00007ffa51a7a000 	C:\WINDOWS\System32\ucrtbase.dll
0x00007ffa4ab20000 - 0x00007ffa4ab38000 	C:\Program Files\Java\jdk-14.0.1\bin\jli.dll
0x00007ffa40790000 - 0x00007ffa407a5000 	C:\Program Files\Java\jdk-14.0.1\bin\VCRUNTIME140.dll
0x00007ffa53130000 - 0x00007ffa532c4000 	C:\WINDOWS\System32\USER32.dll
0x00007ffa516a0000 - 0x00007ffa516c1000 	C:\WINDOWS\System32\win32u.dll
0x00007ffa52200000 - 0x00007ffa52226000 	C:\WINDOWS\System32\GDI32.dll
0x00007ffa41ea0000 - 0x00007ffa42124000 	C:\WINDOWS\WinSxS\amd64_microsoft.windows.common-controls_6595b64144ccf1df_6.0.18362.836_none_e6c4b943130f18ed\COMCTL32.dll
0x00007ffa50b10000 - 0x00007ffa50ca4000 	C:\WINDOWS\System32\gdi32full.dll
0x00007ffa522e0000 - 0x00007ffa5237e000 	C:\WINDOWS\System32\msvcrt.dll
0x00007ffa514e0000 - 0x00007ffa5157e000 	C:\WINDOWS\System32\msvcp_win.dll
0x00007ffa51cf0000 - 0x00007ffa52026000 	C:\WINDOWS\System32\combase.dll
0x00007ffa53480000 - 0x00007ffa535a0000 	C:\WINDOWS\System32\RPCRT4.dll
0x00007ffa50cb0000 - 0x00007ffa50d30000 	C:\WINDOWS\System32\bcryptPrimitives.dll
0x00007ffa51cb0000 - 0x00007ffa51cde000 	C:\WINDOWS\System32\IMM32.DLL
0x00007ffa1bfc0000 - 0x00007ffa1c05b000 	C:\Program Files\Java\jdk-14.0.1\bin\msvcp140.dll
0x00007ff9eba50000 - 0x00007ff9ec56e000 	C:\Program Files\Java\jdk-14.0.1\bin\server\jvm.dll
0x00007ffa532d0000 - 0x00007ffa53373000 	C:\WINDOWS\System32\ADVAPI32.dll
0x00007ffa53380000 - 0x00007ffa53417000 	C:\WINDOWS\System32\sechost.dll
0x00007ffa52180000 - 0x00007ffa52188000 	C:\WINDOWS\System32\PSAPI.DLL
0x00007ffa407b0000 - 0x00007ffa407b9000 	C:\WINDOWS\SYSTEM32\WSOCK32.dll
0x00007ffa4be00000 - 0x00007ffa4be24000 	C:\WINDOWS\SYSTEM32\WINMM.dll
0x00007ffa4b6d0000 - 0x00007ffa4b6da000 	C:\WINDOWS\SYSTEM32\VERSION.dll
0x00007ffa52fb0000 - 0x00007ffa5301f000 	C:\WINDOWS\System32\WS2_32.dll
0x00007ffa4bdd0000 - 0x00007ffa4bdfd000 	C:\WINDOWS\SYSTEM32\winmmbase.dll
0x00007ffa515a0000 - 0x00007ffa515ea000 	C:\WINDOWS\System32\cfgmgr32.dll
0x00007ffa50ac0000 - 0x00007ffa50ad1000 	C:\WINDOWS\System32\kernel.appcore.dll
0x00007ffa4c070000 - 0x00007ffa4c07a000 	C:\Program Files\Java\jdk-14.0.1\bin\jimage.dll
0x00007ffa4f350000 - 0x00007ffa4f544000 	C:\WINDOWS\SYSTEM32\DBGHELP.DLL
0x00007ffa378b0000 - 0x00007ffa378da000 	C:\WINDOWS\SYSTEM32\dbgcore.DLL
0x00007ffa361f0000 - 0x00007ffa36228000 	C:\Program Files\Java\jdk-14.0.1\bin\jdwp.dll
0x00007ffa37030000 - 0x00007ffa37055000 	C:\Program Files\Java\jdk-14.0.1\bin\java.dll
0x00007ffa4d430000 - 0x00007ffa4d43e000 	C:\Program Files\Java\jdk-14.0.1\bin\instrument.dll
0x00007ffa37940000 - 0x00007ffa37956000 	C:\Program Files\Java\jdk-14.0.1\bin\zip.dll
0x00007ffa528c0000 - 0x00007ffa52fa4000 	C:\WINDOWS\System32\SHELL32.dll
0x00007ffa53080000 - 0x00007ffa53129000 	C:\WINDOWS\System32\shcore.dll
0x00007ffa50d60000 - 0x00007ffa514de000 	C:\WINDOWS\System32\windows.storage.dll
0x00007ffa50ae0000 - 0x00007ffa50b03000 	C:\WINDOWS\System32\profapi.dll
0x00007ffa50a50000 - 0x00007ffa50a9a000 	C:\WINDOWS\System32\powrprof.dll
0x00007ffa50a40000 - 0x00007ffa50a50000 	C:\WINDOWS\System32\UMPDC.dll
0x00007ffa53a10000 - 0x00007ffa53a62000 	C:\WINDOWS\System32\shlwapi.dll
0x00007ffa51580000 - 0x00007ffa51597000 	C:\WINDOWS\System32\cryptsp.dll
0x00007ffa4d420000 - 0x00007ffa4d42b000 	C:\Program Files\Java\jdk-14.0.1\bin\dt_socket.dll
0x00007ffa4ffc0000 - 0x00007ffa4fffa000 	C:\WINDOWS\SYSTEM32\IPHLPAPI.DLL
0x00007ffa502b0000 - 0x00007ffa50317000 	C:\WINDOWS\system32\mswsock.dll
0x00007ffa50000000 - 0x00007ffa500cb000 	C:\WINDOWS\SYSTEM32\DNSAPI.dll
0x00007ffa51ce0000 - 0x00007ffa51ce8000 	C:\WINDOWS\System32\NSI.dll
0x00007ffa41980000 - 0x00007ffa4198a000 	C:\Windows\System32\rasadhlp.dll
0x00007ffa46950000 - 0x00007ffa469c7000 	C:\WINDOWS\System32\fwpuclnt.dll
0x00007ffa50d30000 - 0x00007ffa50d56000 	C:\WINDOWS\System32\bcrypt.dll
0x00007ffa37010000 - 0x00007ffa37029000 	C:\Program Files\Java\jdk-14.0.1\bin\net.dll
0x00007ffa419b0000 - 0x00007ffa41aa0000 	C:\WINDOWS\SYSTEM32\WINHTTP.dll
0x00007ffa36f70000 - 0x00007ffa36f82000 	C:\Program Files\Java\jdk-14.0.1\bin\nio.dll
0x00007ffa4b450000 - 0x00007ffa4b460000 	C:\Program Files\Java\jdk-14.0.1\bin\verify.dll
0x00007ffa481a0000 - 0x00007ffa481b6000 	C:\WINDOWS\SYSTEM32\dhcpcsvc6.DLL
0x00007ffa49740000 - 0x00007ffa4975c000 	C:\WINDOWS\SYSTEM32\dhcpcsvc.DLL

dbghelp: loaded successfully - version: 4.0.5 - missing functions: none
symbol engine: initialized successfully - sym options: 0x614 - pdb path: .;C:\Program Files\Java\jdk-14.0.1\bin;C:\WINDOWS\SYSTEM32;C:\WINDOWS\WinSxS\amd64_microsoft.windows.common-controls_6595b64144ccf1df_6.0.18362.836_none_e6c4b943130f18ed;C:\Program Files\Java\jdk-14.0.1\bin\server

VM Arguments:
jvm_args: -agentlib:jdwp=transport=dt_socket,suspend=y,address=localhost:65423 -ea -javaagent:C:\Users\shiva\eclipse\java-2019-062\eclipse\configuration\org.eclipse.osgi\226\0\.cp\lib\javaagent-shaded.jar -Dfile.encoding=Cp1252 
java_command: org.eclipse.jdt.internal.junit.runner.RemoteTestRunner -version 3 -port 65422 -testLoaderClass org.eclipse.jdt.internal.junit4.runner.JUnit4TestLoader -loaderpluginname org.eclipse.jdt.junit4.runtime -classNames Testing.AVLTest
java_class_path (initial): C:\Users\shiva\OneDrive\Desktop\DS_2017_Assignment2\out\production\DS_2016_Assignment2;C:\Users\shiva\OneDrive\Desktop\DS_2017_Assignment2\hamcrest-core-1.3.jar;C:\Users\shiva\OneDrive\Desktop\DS_2017_Assignment2\junit-4.12.jar;C:\Users\shiva\eclipse\java-2019-062\eclipse\configuration\org.eclipse.osgi\224\0\.cp;C:\Users\shiva\eclipse\java-2019-062\eclipse\configuration\org.eclipse.osgi\223\0\.cp
Launcher Type: SUN_STANDARD

[Global flags]
     intx CICompilerCount                          = 4                                         {product} {ergonomic}
     uint ConcGCThreads                            = 2                                         {product} {ergonomic}
     uint G1ConcRefinementThreads                  = 8                                         {product} {ergonomic}
   size_t G1HeapRegionSize                         = 1048576                                   {product} {ergonomic}
    uintx GCDrainStackTargetSize                   = 64                                        {product} {ergonomic}
   size_t InitialHeapSize                          = 132120576                                 {product} {ergonomic}
   size_t MarkStackSize                            = 4194304                                   {product} {ergonomic}
   size_t MaxHeapSize                              = 2113929216                                {product} {ergonomic}
   size_t MaxNewSize                               = 1267728384                                {product} {ergonomic}
   size_t MinHeapDeltaBytes                        = 1048576                                   {product} {ergonomic}
   size_t MinHeapSize                              = 8388608                                   {product} {ergonomic}
    uintx NonNMethodCodeHeapSize                   = 5839372                                {pd product} {ergonomic}
    uintx NonProfiledCodeHeapSize                  = 122909434                              {pd product} {ergonomic}
    uintx ProfiledCodeHeapSize                     = 122909434                              {pd product} {ergonomic}
    uintx ReservedCodeCacheSize                    = 251658240                              {pd product} {ergonomic}
     bool SegmentedCodeCache                       = true                                      {product} {ergonomic}
   size_t SoftMaxHeapSize                          = 2113929216                             {manageable} {ergonomic}
     bool UseCompressedClassPointers               = true                                 {lp64_product} {ergonomic}
     bool UseCompressedOops                        = true                                 {lp64_product} {ergonomic}
     bool UseG1GC                                  = true                                      {product} {ergonomic}
     bool UseLargePagesIndividualAllocation        = false                                  {pd product} {ergonomic}

Logging:
Log output configuration:
 #0: stdout all=warning uptime,level,tags
 #1: stderr all=off uptime,level,tags

Environment Variables:
PATH=C:\Program Files (x86)\Common Files\Oracle\Java\javapath;C:\WINDOWS\system32;C:\WINDOWS;C:\WINDOWS\System32\Wbem;C:\WINDOWS\System32\WindowsPowerShell\v1.0\;C:\WINDOWS\System32\OpenSSH\;C:\Program Files (x86)\Intel\Intel(R) Management Engine Components\DAL;C:\Program Files\Intel\Intel(R) Management Engine Components\DAL;C:\Program Files\Microsoft SQL Server\Client SDK\ODBC\130\Tools\Binn\;C:\Program Files (x86)\Microsoft SQL Server\130\Tools\Binn\;C:\Program Files\Microsoft SQL Server\130\Tools\Binn\;C:\Program Files\Microsoft SQL Server\130\DTS\Binn\;C:\Program Files (x86)\Microsoft SQL Server\150\DTS\Binn\;C:\Program Files\Microsoft SQL Server\Client SDK\ODBC\170\Tools\Binn\;C:\Program Files\dotnet\;C:\Program Files (x86)\BaseX\bin;C:\Program Files\Java\jdk-14.0.1\bin
USERNAME=shiva
OS=Windows_NT
PROCESSOR_IDENTIFIER=Intel64 Family 6 Model 142 Stepping 10, GenuineIntel



---------------  S Y S T E M  ---------------

OS: Windows 10 , 64 bit Build 18362 (10.0.18362.778)
OS uptime: 6 days 5:52 hours

CPU:total 8 (initial active 8) (4 cores per cpu, 2 threads per core) family 6 model 142 stepping 10, cmov, cx8, fxsr, mmx, sse, sse2, sse3, ssse3, sse4.1, sse4.2, popcnt, avx, avx2, aes, clmul, erms, 3dnowpref, lzcnt, ht, tsc, tscinvbit, bmi1, bmi2, adx, fma

Memory: 4k page, system-wide physical 8057M (1331M free)
TotalPageFile size 21342M (AvailPageFile size 6142M)
current process WorkingSet (physical memory assigned to process): 47M, peak: 54M
current process commit charge ("private bytes"): 215M, peak: 222M

vm_info: OpenJDK 64-Bit Server VM (14.0.1+7) for windows-amd64 JRE (14.0.1+7), built on Mar  5 2020 10:30:04 by "mach5one" with MS VC++ 15.9 (VS2017)

END.
